{"C:\\Users\\Asus\\Desktop\\PESU\\SE\\mini_project\\PESU_RR_AIML_B_P04_Insurance_workflow_automation_software_Logicore\\server.js": {"path":"C:\\Users\\Asus\\Desktop\\PESU\\SE\\mini_project\\PESU_RR_AIML_B_P04_Insurance_workflow_automation_software_Logicore\\server.js","statementMap":{"0":{"start":{"line":2,"column":0},"end":{"line":2,"column":27}},"1":{"start":{"line":3,"column":16},"end":{"line":3,"column":34}},"2":{"start":{"line":4,"column":14},"end":{"line":4,"column":39}},"3":{"start":{"line":5,"column":13},"end":{"line":5,"column":33}},"4":{"start":{"line":6,"column":13},"end":{"line":6,"column":28}},"5":{"start":{"line":7,"column":15},"end":{"line":7,"column":32}},"6":{"start":{"line":8,"column":19},"end":{"line":8,"column":21}},"7":{"start":{"line":9,"column":12},"end":{"line":9,"column":35}},"8":{"start":{"line":11,"column":15},"end":{"line":11,"column":32}},"9":{"start":{"line":12,"column":11},"end":{"line":12,"column":24}},"10":{"start":{"line":13,"column":19},"end":{"line":13,"column":74}},"11":{"start":{"line":17,"column":12},"end":{"line":17,"column":21}},"12":{"start":{"line":18,"column":13},"end":{"line":18,"column":17}},"13":{"start":{"line":19,"column":0},"end":{"line":19,"column":16}},"14":{"start":{"line":20,"column":0},"end":{"line":20,"column":24}},"15":{"start":{"line":24,"column":17},"end":{"line":29,"column":1}},"16":{"start":{"line":31,"column":22},"end":{"line":46,"column":1}},"17":{"start":{"line":33,"column":4},"end":{"line":45,"column":5}},"18":{"start":{"line":34,"column":8},"end":{"line":34,"column":60}},"19":{"start":{"line":35,"column":8},"end":{"line":39,"column":10}},"20":{"start":{"line":40,"column":8},"end":{"line":40,"column":122}},"21":{"start":{"line":42,"column":8},"end":{"line":42,"column":75}},"22":{"start":{"line":44,"column":8},"end":{"line":44,"column":47}},"23":{"start":{"line":44,"column":24},"end":{"line":44,"column":47}},"24":{"start":{"line":53,"column":13},"end":{"line":53,"column":17}},"25":{"start":{"line":58,"column":18},"end":{"line":79,"column":1}},"26":{"start":{"line":59,"column":4},"end":{"line":78,"column":5}},"27":{"start":{"line":60,"column":8},"end":{"line":62,"column":9}},"28":{"start":{"line":61,"column":12},"end":{"line":61,"column":49}},"29":{"start":{"line":63,"column":22},"end":{"line":63,"column":61}},"30":{"start":{"line":64,"column":29},"end":{"line":64,"column":58}},"31":{"start":{"line":65,"column":8},"end":{"line":65,"column":32}},"32":{"start":{"line":66,"column":8},"end":{"line":66,"column":15}},"33":{"start":{"line":68,"column":8},"end":{"line":68,"column":52}},"34":{"start":{"line":70,"column":8},"end":{"line":77,"column":9}},"35":{"start":{"line":71,"column":13},"end":{"line":71,"column":93}},"36":{"start":{"line":72,"column":15},"end":{"line":77,"column":9}},"37":{"start":{"line":73,"column":13},"end":{"line":73,"column":86}},"38":{"start":{"line":76,"column":12},"end":{"line":76,"column":70}},"39":{"start":{"line":82,"column":19},"end":{"line":88,"column":1}},"40":{"start":{"line":84,"column":4},"end":{"line":86,"column":5}},"41":{"start":{"line":85,"column":8},"end":{"line":85,"column":84}},"42":{"start":{"line":87,"column":4},"end":{"line":87,"column":11}},"43":{"start":{"line":95,"column":4},"end":{"line":95,"column":60}},"44":{"start":{"line":96,"column":4},"end":{"line":306,"column":5}},"45":{"start":{"line":97,"column":8},"end":{"line":97,"column":60}},"46":{"start":{"line":98,"column":8},"end":{"line":98,"column":44}},"47":{"start":{"line":101,"column":28},"end":{"line":104,"column":9}},"48":{"start":{"line":105,"column":8},"end":{"line":109,"column":9}},"49":{"start":{"line":106,"column":12},"end":{"line":106,"column":86}},"50":{"start":{"line":107,"column":12},"end":{"line":107,"column":40}},"51":{"start":{"line":108,"column":12},"end":{"line":108,"column":19}},"52":{"start":{"line":110,"column":22},"end":{"line":110,"column":34}},"53":{"start":{"line":111,"column":34},"end":{"line":111,"column":51}},"54":{"start":{"line":112,"column":33},"end":{"line":112,"column":57}},"55":{"start":{"line":114,"column":8},"end":{"line":118,"column":9}},"56":{"start":{"line":115,"column":12},"end":{"line":115,"column":99}},"57":{"start":{"line":116,"column":12},"end":{"line":116,"column":40}},"58":{"start":{"line":117,"column":12},"end":{"line":117,"column":19}},"59":{"start":{"line":121,"column":27},"end":{"line":124,"column":9}},"60":{"start":{"line":126,"column":8},"end":{"line":131,"column":9}},"61":{"start":{"line":127,"column":12},"end":{"line":127,"column":145}},"62":{"start":{"line":128,"column":12},"end":{"line":128,"column":113}},"63":{"start":{"line":129,"column":12},"end":{"line":129,"column":38}},"64":{"start":{"line":130,"column":12},"end":{"line":130,"column":19}},"65":{"start":{"line":132,"column":28},"end":{"line":132,"column":39}},"66":{"start":{"line":134,"column":25},"end":{"line":134,"column":27}},"67":{"start":{"line":135,"column":8},"end":{"line":142,"column":9}},"68":{"start":{"line":136,"column":12},"end":{"line":138,"column":63}},"69":{"start":{"line":140,"column":12},"end":{"line":140,"column":138}},"70":{"start":{"line":141,"column":12},"end":{"line":141,"column":63}},"71":{"start":{"line":145,"column":8},"end":{"line":145,"column":129}},"72":{"start":{"line":148,"column":28},"end":{"line":148,"column":33}},"73":{"start":{"line":149,"column":32},"end":{"line":149,"column":37}},"74":{"start":{"line":150,"column":28},"end":{"line":150,"column":32}},"75":{"start":{"line":153,"column":31},"end":{"line":156,"column":9}},"76":{"start":{"line":157,"column":8},"end":{"line":161,"column":9}},"77":{"start":{"line":158,"column":12},"end":{"line":158,"column":55}},"78":{"start":{"line":160,"column":13},"end":{"line":160,"column":121}},"79":{"start":{"line":164,"column":8},"end":{"line":261,"column":9}},"80":{"start":{"line":166,"column":16},"end":{"line":166,"column":95}},"81":{"start":{"line":168,"column":16},"end":{"line":199,"column":17}},"82":{"start":{"line":169,"column":20},"end":{"line":176,"column":21}},"83":{"start":{"line":170,"column":24},"end":{"line":170,"column":127}},"84":{"start":{"line":170,"column":55},"end":{"line":170,"column":127}},"85":{"start":{"line":171,"column":24},"end":{"line":171,"column":138}},"86":{"start":{"line":172,"column":24},"end":{"line":172,"column":114}},"87":{"start":{"line":174,"column":24},"end":{"line":174,"column":154}},"88":{"start":{"line":177,"column":23},"end":{"line":199,"column":17}},"89":{"start":{"line":178,"column":20},"end":{"line":178,"column":213}},"90":{"start":{"line":179,"column":20},"end":{"line":179,"column":87}},"91":{"start":{"line":180,"column":23},"end":{"line":199,"column":17}},"92":{"start":{"line":181,"column":20},"end":{"line":181,"column":122}},"93":{"start":{"line":181,"column":52},"end":{"line":181,"column":122}},"94":{"start":{"line":182,"column":20},"end":{"line":182,"column":136}},"95":{"start":{"line":183,"column":20},"end":{"line":189,"column":21}},"96":{"start":{"line":184,"column":24},"end":{"line":184,"column":88}},"97":{"start":{"line":185,"column":24},"end":{"line":185,"column":49}},"98":{"start":{"line":186,"column":24},"end":{"line":186,"column":45}},"99":{"start":{"line":188,"column":24},"end":{"line":188,"column":72}},"100":{"start":{"line":190,"column":23},"end":{"line":199,"column":17}},"101":{"start":{"line":191,"column":21},"end":{"line":191,"column":123}},"102":{"start":{"line":191,"column":52},"end":{"line":191,"column":123}},"103":{"start":{"line":192,"column":21},"end":{"line":193,"column":99}},"104":{"start":{"line":194,"column":21},"end":{"line":194,"column":123}},"105":{"start":{"line":197,"column":21},"end":{"line":197,"column":91}},"106":{"start":{"line":200,"column":16},"end":{"line":200,"column":61}},"107":{"start":{"line":200,"column":40},"end":{"line":200,"column":61}},"108":{"start":{"line":201,"column":16},"end":{"line":201,"column":22}},"109":{"start":{"line":204,"column":16},"end":{"line":204,"column":147}},"110":{"start":{"line":206,"column":16},"end":{"line":206,"column":38}},"111":{"start":{"line":207,"column":16},"end":{"line":207,"column":22}},"112":{"start":{"line":210,"column":37},"end":{"line":210,"column":69}},"113":{"start":{"line":211,"column":16},"end":{"line":211,"column":93}},"114":{"start":{"line":213,"column":16},"end":{"line":235,"column":40}},"115":{"start":{"line":214,"column":20},"end":{"line":214,"column":108}},"116":{"start":{"line":216,"column":20},"end":{"line":234,"column":21}},"117":{"start":{"line":217,"column":24},"end":{"line":217,"column":81}},"118":{"start":{"line":219,"column":47},"end":{"line":222,"column":25}},"119":{"start":{"line":223,"column":24},"end":{"line":223,"column":52}},"120":{"start":{"line":225,"column":24},"end":{"line":230,"column":25}},"121":{"start":{"line":226,"column":29},"end":{"line":226,"column":133}},"122":{"start":{"line":227,"column":29},"end":{"line":227,"column":78}},"123":{"start":{"line":227,"column":48},"end":{"line":227,"column":76}},"124":{"start":{"line":229,"column":29},"end":{"line":229,"column":135}},"125":{"start":{"line":232,"column":24},"end":{"line":232,"column":120}},"126":{"start":{"line":233,"column":25},"end":{"line":233,"column":74}},"127":{"start":{"line":233,"column":46},"end":{"line":233,"column":74}},"128":{"start":{"line":237,"column":16},"end":{"line":237,"column":38}},"129":{"start":{"line":238,"column":16},"end":{"line":238,"column":41}},"130":{"start":{"line":239,"column":16},"end":{"line":239,"column":22}},"131":{"start":{"line":242,"column":16},"end":{"line":242,"column":94}},"132":{"start":{"line":244,"column":16},"end":{"line":251,"column":17}},"133":{"start":{"line":245,"column":21},"end":{"line":245,"column":115}},"134":{"start":{"line":245,"column":47},"end":{"line":245,"column":115}},"135":{"start":{"line":246,"column":21},"end":{"line":246,"column":116}},"136":{"start":{"line":249,"column":21},"end":{"line":249,"column":86}},"137":{"start":{"line":252,"column":16},"end":{"line":252,"column":37}},"138":{"start":{"line":253,"column":16},"end":{"line":253,"column":22}},"139":{"start":{"line":256,"column":16},"end":{"line":256,"column":89}},"140":{"start":{"line":257,"column":16},"end":{"line":257,"column":38}},"141":{"start":{"line":258,"column":16},"end":{"line":258,"column":37}},"142":{"start":{"line":259,"column":16},"end":{"line":260,"column":127}},"143":{"start":{"line":264,"column":8},"end":{"line":286,"column":9}},"144":{"start":{"line":265,"column":12},"end":{"line":265,"column":129}},"145":{"start":{"line":266,"column":12},"end":{"line":269,"column":14}},"146":{"start":{"line":270,"column":12},"end":{"line":270,"column":38}},"147":{"start":{"line":272,"column":12},"end":{"line":276,"column":13}},"148":{"start":{"line":273,"column":16},"end":{"line":273,"column":65}},"149":{"start":{"line":273,"column":35},"end":{"line":273,"column":63}},"150":{"start":{"line":275,"column":16},"end":{"line":275,"column":114}},"151":{"start":{"line":277,"column":15},"end":{"line":286,"column":9}},"152":{"start":{"line":278,"column":13},"end":{"line":278,"column":85}},"153":{"start":{"line":279,"column":13},"end":{"line":279,"column":39}},"154":{"start":{"line":280,"column":15},"end":{"line":286,"column":9}},"155":{"start":{"line":281,"column":13},"end":{"line":281,"column":141}},"156":{"start":{"line":282,"column":13},"end":{"line":282,"column":39}},"157":{"start":{"line":284,"column":12},"end":{"line":284,"column":120}},"158":{"start":{"line":285,"column":12},"end":{"line":285,"column":38}},"159":{"start":{"line":289,"column":8},"end":{"line":289,"column":101}},"160":{"start":{"line":290,"column":8},"end":{"line":292,"column":9}},"161":{"start":{"line":291,"column":13},"end":{"line":291,"column":113}},"162":{"start":{"line":291,"column":19},"end":{"line":291,"column":47}},"163":{"start":{"line":291,"column":68},"end":{"line":291,"column":111}},"164":{"start":{"line":294,"column":8},"end":{"line":300,"column":9}},"165":{"start":{"line":295,"column":13},"end":{"line":295,"column":65}},"166":{"start":{"line":296,"column":13},"end":{"line":297,"column":82}},"167":{"start":{"line":299,"column":13},"end":{"line":299,"column":123}},"168":{"start":{"line":303,"column":8},"end":{"line":305,"column":9}},"169":{"start":{"line":304,"column":13},"end":{"line":304,"column":121}},"170":{"start":{"line":304,"column":19},"end":{"line":304,"column":42}},"171":{"start":{"line":304,"column":64},"end":{"line":304,"column":119}},"172":{"start":{"line":313,"column":0},"end":{"line":367,"column":3}},"173":{"start":{"line":315,"column":4},"end":{"line":366,"column":5}},"174":{"start":{"line":316,"column":43},"end":{"line":316,"column":51}},"175":{"start":{"line":317,"column":8},"end":{"line":319,"column":9}},"176":{"start":{"line":318,"column":13},"end":{"line":318,"column":95}},"177":{"start":{"line":321,"column":8},"end":{"line":321,"column":60}},"178":{"start":{"line":322,"column":23},"end":{"line":327,"column":9}},"179":{"start":{"line":329,"column":8},"end":{"line":331,"column":9}},"180":{"start":{"line":330,"column":12},"end":{"line":330,"column":92}},"181":{"start":{"line":333,"column":38},"end":{"line":333,"column":45}},"182":{"start":{"line":334,"column":8},"end":{"line":336,"column":9}},"183":{"start":{"line":335,"column":12},"end":{"line":335,"column":115}},"184":{"start":{"line":337,"column":31},"end":{"line":337,"column":55}},"185":{"start":{"line":338,"column":8},"end":{"line":338,"column":104}},"186":{"start":{"line":338,"column":35},"end":{"line":338,"column":104}},"187":{"start":{"line":341,"column":26},"end":{"line":341,"column":39}},"188":{"start":{"line":342,"column":8},"end":{"line":342,"column":104}},"189":{"start":{"line":342,"column":40},"end":{"line":342,"column":104}},"190":{"start":{"line":343,"column":22},"end":{"line":343,"column":32}},"191":{"start":{"line":344,"column":18},"end":{"line":344,"column":63}},"192":{"start":{"line":345,"column":18},"end":{"line":345,"column":57}},"193":{"start":{"line":346,"column":8},"end":{"line":348,"column":9}},"194":{"start":{"line":347,"column":12},"end":{"line":347,"column":18}},"195":{"start":{"line":350,"column":27},"end":{"line":350,"column":41}},"196":{"start":{"line":351,"column":23},"end":{"line":351,"column":24}},"197":{"start":{"line":354,"column":8},"end":{"line":357,"column":9}},"198":{"start":{"line":355,"column":12},"end":{"line":355,"column":45}},"199":{"start":{"line":356,"column":12},"end":{"line":356,"column":53}},"200":{"start":{"line":359,"column":8},"end":{"line":359,"column":119}},"201":{"start":{"line":362,"column":8},"end":{"line":362,"column":56}},"202":{"start":{"line":363,"column":8},"end":{"line":363,"column":90}},"203":{"start":{"line":365,"column":8},"end":{"line":365,"column":47}},"204":{"start":{"line":365,"column":24},"end":{"line":365,"column":47}},"205":{"start":{"line":370,"column":0},"end":{"line":407,"column":3}},"206":{"start":{"line":372,"column":4},"end":{"line":406,"column":5}},"207":{"start":{"line":373,"column":42},"end":{"line":373,"column":50}},"208":{"start":{"line":374,"column":8},"end":{"line":376,"column":9}},"209":{"start":{"line":375,"column":12},"end":{"line":375,"column":94}},"210":{"start":{"line":378,"column":8},"end":{"line":380,"column":9}},"211":{"start":{"line":379,"column":12},"end":{"line":379,"column":76}},"212":{"start":{"line":382,"column":8},"end":{"line":384,"column":9}},"213":{"start":{"line":383,"column":13},"end":{"line":383,"column":100}},"214":{"start":{"line":387,"column":31},"end":{"line":387,"column":70}},"215":{"start":{"line":388,"column":28},"end":{"line":388,"column":48}},"216":{"start":{"line":390,"column":8},"end":{"line":390,"column":60}},"217":{"start":{"line":391,"column":8},"end":{"line":394,"column":10}},"218":{"start":{"line":396,"column":8},"end":{"line":396,"column":88}},"219":{"start":{"line":399,"column":8},"end":{"line":401,"column":9}},"220":{"start":{"line":400,"column":12},"end":{"line":400,"column":88}},"221":{"start":{"line":402,"column":8},"end":{"line":402,"column":56}},"222":{"start":{"line":403,"column":8},"end":{"line":403,"column":86}},"223":{"start":{"line":405,"column":8},"end":{"line":405,"column":47}},"224":{"start":{"line":405,"column":24},"end":{"line":405,"column":47}},"225":{"start":{"line":410,"column":0},"end":{"line":456,"column":3}},"226":{"start":{"line":412,"column":4},"end":{"line":455,"column":5}},"227":{"start":{"line":413,"column":36},"end":{"line":413,"column":44}},"228":{"start":{"line":414,"column":8},"end":{"line":416,"column":9}},"229":{"start":{"line":415,"column":13},"end":{"line":415,"column":88}},"230":{"start":{"line":418,"column":8},"end":{"line":418,"column":60}},"231":{"start":{"line":419,"column":23},"end":{"line":419,"column":100}},"232":{"start":{"line":421,"column":8},"end":{"line":425,"column":9}},"233":{"start":{"line":423,"column":12},"end":{"line":423,"column":100}},"234":{"start":{"line":424,"column":12},"end":{"line":424,"column":80}},"235":{"start":{"line":426,"column":21},"end":{"line":426,"column":28}},"236":{"start":{"line":427,"column":8},"end":{"line":430,"column":9}},"237":{"start":{"line":428,"column":13},"end":{"line":428,"column":76}},"238":{"start":{"line":429,"column":13},"end":{"line":429,"column":81}},"239":{"start":{"line":432,"column":32},"end":{"line":432,"column":77}},"240":{"start":{"line":433,"column":8},"end":{"line":437,"column":9}},"241":{"start":{"line":435,"column":12},"end":{"line":435,"column":105}},"242":{"start":{"line":436,"column":12},"end":{"line":436,"column":80}},"243":{"start":{"line":440,"column":8},"end":{"line":440,"column":69}},"244":{"start":{"line":443,"column":22},"end":{"line":446,"column":9}},"245":{"start":{"line":448,"column":8},"end":{"line":448,"column":58}},"246":{"start":{"line":451,"column":8},"end":{"line":451,"column":55}},"247":{"start":{"line":452,"column":8},"end":{"line":452,"column":79}},"248":{"start":{"line":454,"column":8},"end":{"line":454,"column":47}},"249":{"start":{"line":454,"column":24},"end":{"line":454,"column":47}},"250":{"start":{"line":459,"column":0},"end":{"line":505,"column":3}},"251":{"start":{"line":461,"column":4},"end":{"line":504,"column":5}},"252":{"start":{"line":462,"column":36},"end":{"line":462,"column":44}},"253":{"start":{"line":463,"column":8},"end":{"line":465,"column":9}},"254":{"start":{"line":464,"column":13},"end":{"line":464,"column":88}},"255":{"start":{"line":467,"column":8},"end":{"line":467,"column":60}},"256":{"start":{"line":468,"column":23},"end":{"line":468,"column":105}},"257":{"start":{"line":470,"column":8},"end":{"line":474,"column":9}},"258":{"start":{"line":472,"column":12},"end":{"line":472,"column":103}},"259":{"start":{"line":473,"column":12},"end":{"line":473,"column":80}},"260":{"start":{"line":475,"column":22},"end":{"line":475,"column":29}},"261":{"start":{"line":476,"column":8},"end":{"line":479,"column":9}},"262":{"start":{"line":477,"column":13},"end":{"line":477,"column":75}},"263":{"start":{"line":478,"column":13},"end":{"line":478,"column":81}},"264":{"start":{"line":481,"column":32},"end":{"line":481,"column":78}},"265":{"start":{"line":482,"column":8},"end":{"line":486,"column":9}},"266":{"start":{"line":484,"column":12},"end":{"line":484,"column":106}},"267":{"start":{"line":485,"column":12},"end":{"line":485,"column":80}},"268":{"start":{"line":489,"column":8},"end":{"line":489,"column":70}},"269":{"start":{"line":492,"column":22},"end":{"line":495,"column":9}},"270":{"start":{"line":497,"column":8},"end":{"line":497,"column":64}},"271":{"start":{"line":500,"column":8},"end":{"line":500,"column":56}},"272":{"start":{"line":501,"column":8},"end":{"line":501,"column":85}},"273":{"start":{"line":503,"column":8},"end":{"line":503,"column":47}},"274":{"start":{"line":503,"column":24},"end":{"line":503,"column":47}},"275":{"start":{"line":511,"column":0},"end":{"line":530,"column":3}},"276":{"start":{"line":513,"column":4},"end":{"line":529,"column":5}},"277":{"start":{"line":514,"column":8},"end":{"line":514,"column":87}},"278":{"start":{"line":514,"column":30},"end":{"line":514,"column":87}},"279":{"start":{"line":515,"column":28},"end":{"line":515,"column":48}},"280":{"start":{"line":517,"column":8},"end":{"line":517,"column":60}},"281":{"start":{"line":518,"column":23},"end":{"line":522,"column":9}},"282":{"start":{"line":523,"column":8},"end":{"line":523,"column":23}},"283":{"start":{"line":525,"column":8},"end":{"line":525,"column":55}},"284":{"start":{"line":526,"column":8},"end":{"line":526,"column":82}},"285":{"start":{"line":528,"column":8},"end":{"line":528,"column":47}},"286":{"start":{"line":528,"column":24},"end":{"line":528,"column":47}},"287":{"start":{"line":535,"column":0},"end":{"line":591,"column":3}},"288":{"start":{"line":538,"column":4},"end":{"line":590,"column":5}},"289":{"start":{"line":539,"column":8},"end":{"line":539,"column":87}},"290":{"start":{"line":539,"column":30},"end":{"line":539,"column":87}},"291":{"start":{"line":540,"column":28},"end":{"line":540,"column":48}},"292":{"start":{"line":541,"column":51},"end":{"line":541,"column":59}},"293":{"start":{"line":543,"column":8},"end":{"line":545,"column":9}},"294":{"start":{"line":544,"column":12},"end":{"line":544,"column":103}},"295":{"start":{"line":546,"column":28},"end":{"line":546,"column":46}},"296":{"start":{"line":547,"column":8},"end":{"line":549,"column":9}},"297":{"start":{"line":548,"column":13},"end":{"line":548,"column":77}},"298":{"start":{"line":551,"column":8},"end":{"line":551,"column":39}},"299":{"start":{"line":552,"column":38},"end":{"line":552,"column":57}},"300":{"start":{"line":554,"column":8},"end":{"line":554,"column":60}},"301":{"start":{"line":555,"column":8},"end":{"line":555,"column":44}},"302":{"start":{"line":558,"column":30},"end":{"line":561,"column":9}},"303":{"start":{"line":562,"column":8},"end":{"line":565,"column":9}},"304":{"start":{"line":563,"column":13},"end":{"line":563,"column":41}},"305":{"start":{"line":564,"column":13},"end":{"line":564,"column":109}},"306":{"start":{"line":568,"column":8},"end":{"line":572,"column":10}},"307":{"start":{"line":574,"column":8},"end":{"line":574,"column":34}},"308":{"start":{"line":575,"column":8},"end":{"line":575,"column":31}},"309":{"start":{"line":577,"column":8},"end":{"line":577,"column":81}},"310":{"start":{"line":580,"column":8},"end":{"line":582,"column":9}},"311":{"start":{"line":581,"column":13},"end":{"line":581,"column":63}},"312":{"start":{"line":581,"column":32},"end":{"line":581,"column":61}},"313":{"start":{"line":585,"column":8},"end":{"line":585,"column":52}},"314":{"start":{"line":585,"column":24},"end":{"line":585,"column":52}},"315":{"start":{"line":586,"column":8},"end":{"line":586,"column":52}},"316":{"start":{"line":587,"column":8},"end":{"line":587,"column":79}},"317":{"start":{"line":589,"column":8},"end":{"line":589,"column":91}},"318":{"start":{"line":589,"column":68},"end":{"line":589,"column":91}},"319":{"start":{"line":594,"column":0},"end":{"line":619,"column":3}},"320":{"start":{"line":596,"column":2},"end":{"line":618,"column":3}},"321":{"start":{"line":597,"column":4},"end":{"line":599,"column":5}},"322":{"start":{"line":598,"column":6},"end":{"line":598,"column":63}},"323":{"start":{"line":600,"column":24},"end":{"line":600,"column":44}},"324":{"start":{"line":602,"column":4},"end":{"line":602,"column":56}},"325":{"start":{"line":604,"column":19},"end":{"line":611,"column":5}},"326":{"start":{"line":612,"column":4},"end":{"line":612,"column":19}},"327":{"start":{"line":614,"column":4},"end":{"line":614,"column":58}},"328":{"start":{"line":615,"column":4},"end":{"line":615,"column":85}},"329":{"start":{"line":617,"column":4},"end":{"line":617,"column":43}},"330":{"start":{"line":617,"column":20},"end":{"line":617,"column":43}},"331":{"start":{"line":622,"column":0},"end":{"line":645,"column":3}},"332":{"start":{"line":624,"column":4},"end":{"line":644,"column":5}},"333":{"start":{"line":625,"column":8},"end":{"line":625,"column":87}},"334":{"start":{"line":625,"column":30},"end":{"line":625,"column":87}},"335":{"start":{"line":626,"column":28},"end":{"line":626,"column":48}},"336":{"start":{"line":628,"column":8},"end":{"line":628,"column":60}},"337":{"start":{"line":630,"column":23},"end":{"line":637,"column":9}},"338":{"start":{"line":638,"column":8},"end":{"line":638,"column":23}},"339":{"start":{"line":640,"column":8},"end":{"line":640,"column":66}},"340":{"start":{"line":641,"column":8},"end":{"line":641,"column":84}},"341":{"start":{"line":643,"column":8},"end":{"line":643,"column":47}},"342":{"start":{"line":643,"column":24},"end":{"line":643,"column":47}},"343":{"start":{"line":649,"column":0},"end":{"line":715,"column":3}},"344":{"start":{"line":651,"column":25},"end":{"line":651,"column":35}},"345":{"start":{"line":652,"column":24},"end":{"line":652,"column":44}},"346":{"start":{"line":654,"column":4},"end":{"line":654,"column":110}},"347":{"start":{"line":654,"column":26},"end":{"line":654,"column":110}},"348":{"start":{"line":656,"column":4},"end":{"line":714,"column":5}},"349":{"start":{"line":657,"column":8},"end":{"line":657,"column":60}},"350":{"start":{"line":658,"column":8},"end":{"line":658,"column":44}},"351":{"start":{"line":661,"column":29},"end":{"line":667,"column":9}},"352":{"start":{"line":669,"column":8},"end":{"line":672,"column":9}},"353":{"start":{"line":670,"column":12},"end":{"line":670,"column":40}},"354":{"start":{"line":671,"column":12},"end":{"line":671,"column":108}},"355":{"start":{"line":674,"column":23},"end":{"line":674,"column":36}},"356":{"start":{"line":675,"column":28},"end":{"line":675,"column":49}},"357":{"start":{"line":677,"column":8},"end":{"line":680,"column":9}},"358":{"start":{"line":678,"column":12},"end":{"line":678,"column":40}},"359":{"start":{"line":679,"column":12},"end":{"line":679,"column":134}},"360":{"start":{"line":683,"column":27},"end":{"line":683,"column":50}},"361":{"start":{"line":684,"column":31},"end":{"line":684,"column":55}},"362":{"start":{"line":686,"column":8},"end":{"line":690,"column":10}},"363":{"start":{"line":693,"column":8},"end":{"line":697,"column":10}},"364":{"start":{"line":699,"column":8},"end":{"line":699,"column":34}},"365":{"start":{"line":702,"column":8},"end":{"line":706,"column":12}},"366":{"start":{"line":709,"column":8},"end":{"line":709,"column":52}},"367":{"start":{"line":709,"column":24},"end":{"line":709,"column":52}},"368":{"start":{"line":710,"column":8},"end":{"line":710,"column":81}},"369":{"start":{"line":711,"column":8},"end":{"line":711,"column":89}},"370":{"start":{"line":713,"column":8},"end":{"line":713,"column":91}},"371":{"start":{"line":713,"column":68},"end":{"line":713,"column":91}},"372":{"start":{"line":721,"column":0},"end":{"line":740,"column":3}},"373":{"start":{"line":723,"column":4},"end":{"line":739,"column":5}},"374":{"start":{"line":724,"column":8},"end":{"line":724,"column":60}},"375":{"start":{"line":726,"column":23},"end":{"line":732,"column":9}},"376":{"start":{"line":733,"column":8},"end":{"line":733,"column":23}},"377":{"start":{"line":735,"column":8},"end":{"line":735,"column":63}},"378":{"start":{"line":736,"column":8},"end":{"line":736,"column":90}},"379":{"start":{"line":738,"column":8},"end":{"line":738,"column":47}},"380":{"start":{"line":738,"column":24},"end":{"line":738,"column":47}},"381":{"start":{"line":743,"column":0},"end":{"line":823,"column":3}},"382":{"start":{"line":745,"column":20},"end":{"line":745,"column":38}},"383":{"start":{"line":746,"column":24},"end":{"line":746,"column":28}},"384":{"start":{"line":747,"column":26},"end":{"line":747,"column":34}},"385":{"start":{"line":748,"column":20},"end":{"line":748,"column":37}},"386":{"start":{"line":750,"column":4},"end":{"line":822,"column":5}},"387":{"start":{"line":751,"column":8},"end":{"line":753,"column":9}},"388":{"start":{"line":752,"column":12},"end":{"line":752,"column":109}},"389":{"start":{"line":755,"column":8},"end":{"line":755,"column":60}},"390":{"start":{"line":756,"column":8},"end":{"line":756,"column":44}},"391":{"start":{"line":759,"column":28},"end":{"line":759,"column":191}},"392":{"start":{"line":761,"column":8},"end":{"line":764,"column":9}},"393":{"start":{"line":762,"column":13},"end":{"line":762,"column":41}},"394":{"start":{"line":763,"column":13},"end":{"line":763,"column":101}},"395":{"start":{"line":766,"column":26},"end":{"line":766,"column":51}},"396":{"start":{"line":767,"column":40},"end":{"line":767,"column":71}},"397":{"start":{"line":768,"column":27},"end":{"line":768,"column":51}},"398":{"start":{"line":771,"column":8},"end":{"line":785,"column":9}},"399":{"start":{"line":772,"column":35},"end":{"line":775,"column":13}},"400":{"start":{"line":776,"column":12},"end":{"line":781,"column":13}},"401":{"start":{"line":777,"column":16},"end":{"line":777,"column":59}},"402":{"start":{"line":779,"column":17},"end":{"line":779,"column":143}},"403":{"start":{"line":783,"column":13},"end":{"line":783,"column":124}},"404":{"start":{"line":788,"column":27},"end":{"line":788,"column":84}},"405":{"start":{"line":789,"column":25},"end":{"line":793,"column":9}},"406":{"start":{"line":795,"column":8},"end":{"line":798,"column":9}},"407":{"start":{"line":796,"column":12},"end":{"line":796,"column":40}},"408":{"start":{"line":797,"column":12},"end":{"line":797,"column":107}},"409":{"start":{"line":800,"column":8},"end":{"line":800,"column":34}},"410":{"start":{"line":801,"column":8},"end":{"line":801,"column":31}},"411":{"start":{"line":805,"column":8},"end":{"line":805,"column":133}},"412":{"start":{"line":807,"column":8},"end":{"line":807,"column":82}},"413":{"start":{"line":810,"column":8},"end":{"line":814,"column":9}},"414":{"start":{"line":811,"column":13},"end":{"line":811,"column":62}},"415":{"start":{"line":811,"column":32},"end":{"line":811,"column":60}},"416":{"start":{"line":813,"column":13},"end":{"line":813,"column":111}},"417":{"start":{"line":817,"column":8},"end":{"line":817,"column":61}},"418":{"start":{"line":818,"column":8},"end":{"line":818,"column":52}},"419":{"start":{"line":818,"column":24},"end":{"line":818,"column":52}},"420":{"start":{"line":819,"column":8},"end":{"line":819,"column":88}},"421":{"start":{"line":821,"column":8},"end":{"line":821,"column":91}},"422":{"start":{"line":821,"column":68},"end":{"line":821,"column":91}},"423":{"start":{"line":826,"column":0},"end":{"line":852,"column":3}},"424":{"start":{"line":828,"column":4},"end":{"line":851,"column":5}},"425":{"start":{"line":829,"column":8},"end":{"line":829,"column":60}},"426":{"start":{"line":831,"column":23},"end":{"line":844,"column":9}},"427":{"start":{"line":845,"column":8},"end":{"line":845,"column":23}},"428":{"start":{"line":847,"column":8},"end":{"line":847,"column":65}},"429":{"start":{"line":848,"column":8},"end":{"line":848,"column":92}},"430":{"start":{"line":850,"column":8},"end":{"line":850,"column":47}},"431":{"start":{"line":850,"column":24},"end":{"line":850,"column":47}},"432":{"start":{"line":855,"column":0},"end":{"line":938,"column":3}},"433":{"start":{"line":857,"column":25},"end":{"line":857,"column":35}},"434":{"start":{"line":858,"column":65},"end":{"line":858,"column":73}},"435":{"start":{"line":860,"column":4},"end":{"line":937,"column":5}},"436":{"start":{"line":861,"column":8},"end":{"line":861,"column":60}},"437":{"start":{"line":862,"column":8},"end":{"line":862,"column":44}},"438":{"start":{"line":865,"column":29},"end":{"line":868,"column":9}},"439":{"start":{"line":870,"column":8},"end":{"line":873,"column":9}},"440":{"start":{"line":871,"column":12},"end":{"line":871,"column":40}},"441":{"start":{"line":872,"column":12},"end":{"line":872,"column":72}},"442":{"start":{"line":875,"column":23},"end":{"line":875,"column":36}},"443":{"start":{"line":876,"column":25},"end":{"line":876,"column":27}},"444":{"start":{"line":877,"column":24},"end":{"line":877,"column":26}},"445":{"start":{"line":880,"column":8},"end":{"line":924,"column":9}},"446":{"start":{"line":882,"column":12},"end":{"line":882,"column":49}},"447":{"start":{"line":883,"column":12},"end":{"line":890,"column":14}},"448":{"start":{"line":891,"column":12},"end":{"line":891,"column":100}},"449":{"start":{"line":893,"column":15},"end":{"line":924,"column":9}},"450":{"start":{"line":897,"column":12},"end":{"line":900,"column":13}},"451":{"start":{"line":898,"column":16},"end":{"line":898,"column":44}},"452":{"start":{"line":899,"column":16},"end":{"line":899,"column":118}},"453":{"start":{"line":903,"column":12},"end":{"line":906,"column":13}},"454":{"start":{"line":904,"column":16},"end":{"line":904,"column":44}},"455":{"start":{"line":905,"column":16},"end":{"line":905,"column":160}},"456":{"start":{"line":909,"column":12},"end":{"line":909,"column":35}},"457":{"start":{"line":910,"column":12},"end":{"line":917,"column":14}},"458":{"start":{"line":918,"column":12},"end":{"line":918,"column":92}},"459":{"start":{"line":922,"column":12},"end":{"line":922,"column":40}},"460":{"start":{"line":923,"column":12},"end":{"line":923,"column":117}},"461":{"start":{"line":927,"column":8},"end":{"line":927,"column":34}},"462":{"start":{"line":928,"column":8},"end":{"line":928,"column":32}},"463":{"start":{"line":929,"column":8},"end":{"line":929,"column":99}},"464":{"start":{"line":932,"column":8},"end":{"line":932,"column":52}},"465":{"start":{"line":932,"column":24},"end":{"line":932,"column":52}},"466":{"start":{"line":933,"column":8},"end":{"line":933,"column":68}},"467":{"start":{"line":934,"column":8},"end":{"line":934,"column":89}},"468":{"start":{"line":936,"column":8},"end":{"line":936,"column":91}},"469":{"start":{"line":936,"column":68},"end":{"line":936,"column":91}},"470":{"start":{"line":944,"column":0},"end":{"line":956,"column":3}},"471":{"start":{"line":946,"column":4},"end":{"line":955,"column":5}},"472":{"start":{"line":947,"column":8},"end":{"line":947,"column":60}},"473":{"start":{"line":948,"column":28},"end":{"line":948,"column":122}},"474":{"start":{"line":949,"column":8},"end":{"line":949,"column":28}},"475":{"start":{"line":951,"column":8},"end":{"line":951,"column":58}},"476":{"start":{"line":952,"column":8},"end":{"line":952,"column":85}},"477":{"start":{"line":954,"column":8},"end":{"line":954,"column":47}},"478":{"start":{"line":954,"column":24},"end":{"line":954,"column":47}},"479":{"start":{"line":959,"column":0},"end":{"line":996,"column":3}},"480":{"start":{"line":961,"column":4},"end":{"line":995,"column":5}},"481":{"start":{"line":962,"column":27},"end":{"line":962,"column":48}},"482":{"start":{"line":963,"column":8},"end":{"line":963,"column":60}},"483":{"start":{"line":964,"column":31},"end":{"line":964,"column":120}},"484":{"start":{"line":966,"column":8},"end":{"line":968,"column":9}},"485":{"start":{"line":967,"column":12},"end":{"line":967,"column":91}},"486":{"start":{"line":969,"column":28},"end":{"line":971,"column":10}},"487":{"start":{"line":973,"column":29},"end":{"line":973,"column":44}},"488":{"start":{"line":976,"column":8},"end":{"line":988,"column":11}},"489":{"start":{"line":977,"column":26},"end":{"line":977,"column":28}},"490":{"start":{"line":978,"column":13},"end":{"line":986,"column":14}},"491":{"start":{"line":980,"column":18},"end":{"line":982,"column":60}},"492":{"start":{"line":984,"column":18},"end":{"line":984,"column":110}},"493":{"start":{"line":987,"column":13},"end":{"line":987,"column":55}},"494":{"start":{"line":989,"column":8},"end":{"line":989,"column":31}},"495":{"start":{"line":991,"column":8},"end":{"line":991,"column":82}},"496":{"start":{"line":992,"column":8},"end":{"line":992,"column":84}},"497":{"start":{"line":994,"column":8},"end":{"line":994,"column":47}},"498":{"start":{"line":994,"column":24},"end":{"line":994,"column":47}},"499":{"start":{"line":999,"column":0},"end":{"line":1046,"column":3}},"500":{"start":{"line":1001,"column":27},"end":{"line":1001,"column":37}},"501":{"start":{"line":1002,"column":27},"end":{"line":1002,"column":35}},"502":{"start":{"line":1005,"column":4},"end":{"line":1005,"column":90}},"503":{"start":{"line":1007,"column":4},"end":{"line":1010,"column":5}},"504":{"start":{"line":1008,"column":8},"end":{"line":1008,"column":73}},"505":{"start":{"line":1009,"column":8},"end":{"line":1009,"column":95}},"506":{"start":{"line":1012,"column":4},"end":{"line":1045,"column":5}},"507":{"start":{"line":1013,"column":8},"end":{"line":1013,"column":60}},"508":{"start":{"line":1014,"column":8},"end":{"line":1014,"column":59}},"509":{"start":{"line":1016,"column":20},"end":{"line":1016,"column":84}},"510":{"start":{"line":1017,"column":23},"end":{"line":1017,"column":63}},"511":{"start":{"line":1020,"column":8},"end":{"line":1020,"column":52}},"512":{"start":{"line":1021,"column":8},"end":{"line":1021,"column":69}},"513":{"start":{"line":1023,"column":25},"end":{"line":1023,"column":62}},"514":{"start":{"line":1026,"column":8},"end":{"line":1026,"column":74}},"515":{"start":{"line":1028,"column":8},"end":{"line":1031,"column":9}},"516":{"start":{"line":1029,"column":12},"end":{"line":1029,"column":103}},"517":{"start":{"line":1030,"column":12},"end":{"line":1030,"column":91}},"518":{"start":{"line":1033,"column":8},"end":{"line":1033,"column":65}},"519":{"start":{"line":1034,"column":8},"end":{"line":1034,"column":93}},"520":{"start":{"line":1038,"column":8},"end":{"line":1038,"column":73}},"521":{"start":{"line":1039,"column":8},"end":{"line":1039,"column":93}},"522":{"start":{"line":1041,"column":8},"end":{"line":1044,"column":9}},"523":{"start":{"line":1042,"column":12},"end":{"line":1042,"column":35}},"524":{"start":{"line":1043,"column":12},"end":{"line":1043,"column":62}},"525":{"start":{"line":1049,"column":0},"end":{"line":1080,"column":3}},"526":{"start":{"line":1051,"column":27},"end":{"line":1051,"column":37}},"527":{"start":{"line":1053,"column":4},"end":{"line":1079,"column":5}},"528":{"start":{"line":1054,"column":8},"end":{"line":1054,"column":60}},"529":{"start":{"line":1055,"column":23},"end":{"line":1058,"column":9}},"530":{"start":{"line":1060,"column":8},"end":{"line":1062,"column":9}},"531":{"start":{"line":1061,"column":12},"end":{"line":1061,"column":91}},"532":{"start":{"line":1064,"column":25},"end":{"line":1064,"column":27}},"533":{"start":{"line":1065,"column":8},"end":{"line":1071,"column":9}},"534":{"start":{"line":1066,"column":12},"end":{"line":1070,"column":13}},"535":{"start":{"line":1067,"column":16},"end":{"line":1067,"column":65}},"536":{"start":{"line":1069,"column":16},"end":{"line":1069,"column":103}},"537":{"start":{"line":1072,"column":8},"end":{"line":1072,"column":33}},"538":{"start":{"line":1075,"column":8},"end":{"line":1075,"column":85}},"539":{"start":{"line":1076,"column":8},"end":{"line":1076,"column":94}},"540":{"start":{"line":1078,"column":8},"end":{"line":1078,"column":47}},"541":{"start":{"line":1078,"column":24},"end":{"line":1078,"column":47}},"542":{"start":{"line":1083,"column":0},"end":{"line":1111,"column":3}},"543":{"start":{"line":1085,"column":4},"end":{"line":1110,"column":5}},"544":{"start":{"line":1086,"column":27},"end":{"line":1086,"column":48}},"545":{"start":{"line":1087,"column":8},"end":{"line":1087,"column":60}},"546":{"start":{"line":1088,"column":24},"end":{"line":1090,"column":9}},"547":{"start":{"line":1092,"column":28},"end":{"line":1103,"column":10}},"548":{"start":{"line":1093,"column":26},"end":{"line":1093,"column":28}},"549":{"start":{"line":1094,"column":13},"end":{"line":1101,"column":14}},"550":{"start":{"line":1096,"column":18},"end":{"line":1098,"column":60}},"551":{"start":{"line":1100,"column":17},"end":{"line":1100,"column":126}},"552":{"start":{"line":1102,"column":12},"end":{"line":1102,"column":54}},"553":{"start":{"line":1104,"column":8},"end":{"line":1104,"column":30}},"554":{"start":{"line":1106,"column":8},"end":{"line":1106,"column":92}},"555":{"start":{"line":1107,"column":8},"end":{"line":1107,"column":90}},"556":{"start":{"line":1109,"column":8},"end":{"line":1109,"column":47}},"557":{"start":{"line":1109,"column":24},"end":{"line":1109,"column":47}},"558":{"start":{"line":1114,"column":0},"end":{"line":1141,"column":3}},"559":{"start":{"line":1116,"column":4},"end":{"line":1140,"column":5}},"560":{"start":{"line":1117,"column":51},"end":{"line":1117,"column":59}},"561":{"start":{"line":1118,"column":8},"end":{"line":1120,"column":9}},"562":{"start":{"line":1119,"column":12},"end":{"line":1119,"column":89}},"563":{"start":{"line":1122,"column":9},"end":{"line":1124,"column":9}},"564":{"start":{"line":1123,"column":12},"end":{"line":1123,"column":128}},"565":{"start":{"line":1126,"column":8},"end":{"line":1126,"column":60}},"566":{"start":{"line":1127,"column":8},"end":{"line":1130,"column":10}},"567":{"start":{"line":1131,"column":8},"end":{"line":1131,"column":89}},"568":{"start":{"line":1133,"column":8},"end":{"line":1135,"column":9}},"569":{"start":{"line":1134,"column":12},"end":{"line":1134,"column":108}},"570":{"start":{"line":1136,"column":8},"end":{"line":1136,"column":57}},"571":{"start":{"line":1137,"column":8},"end":{"line":1137,"column":84}},"572":{"start":{"line":1139,"column":8},"end":{"line":1139,"column":47}},"573":{"start":{"line":1139,"column":24},"end":{"line":1139,"column":47}},"574":{"start":{"line":1144,"column":0},"end":{"line":1168,"column":3}},"575":{"start":{"line":1146,"column":4},"end":{"line":1167,"column":5}},"576":{"start":{"line":1147,"column":27},"end":{"line":1147,"column":48}},"577":{"start":{"line":1148,"column":38},"end":{"line":1148,"column":46}},"578":{"start":{"line":1149,"column":8},"end":{"line":1151,"column":9}},"579":{"start":{"line":1150,"column":12},"end":{"line":1150,"column":81}},"580":{"start":{"line":1153,"column":8},"end":{"line":1153,"column":60}},"581":{"start":{"line":1154,"column":25},"end":{"line":1157,"column":9}},"582":{"start":{"line":1158,"column":8},"end":{"line":1160,"column":9}},"583":{"start":{"line":1159,"column":12},"end":{"line":1159,"column":91}},"584":{"start":{"line":1161,"column":8},"end":{"line":1161,"column":78}},"585":{"start":{"line":1163,"column":8},"end":{"line":1163,"column":82}},"586":{"start":{"line":1164,"column":8},"end":{"line":1164,"column":84}},"587":{"start":{"line":1166,"column":8},"end":{"line":1166,"column":47}},"588":{"start":{"line":1166,"column":24},"end":{"line":1166,"column":47}},"589":{"start":{"line":1172,"column":0},"end":{"line":1218,"column":3}},"590":{"start":{"line":1174,"column":5},"end":{"line":1217,"column":6}},"591":{"start":{"line":1175,"column":27},"end":{"line":1175,"column":48}},"592":{"start":{"line":1176,"column":68},"end":{"line":1176,"column":76}},"593":{"start":{"line":1178,"column":8},"end":{"line":1180,"column":9}},"594":{"start":{"line":1179,"column":12},"end":{"line":1179,"column":99}},"595":{"start":{"line":1181,"column":25},"end":{"line":1181,"column":49}},"596":{"start":{"line":1182,"column":8},"end":{"line":1184,"column":9}},"597":{"start":{"line":1183,"column":12},"end":{"line":1183,"column":92}},"598":{"start":{"line":1186,"column":27},"end":{"line":1186,"column":52}},"599":{"start":{"line":1187,"column":8},"end":{"line":1189,"column":9}},"600":{"start":{"line":1188,"column":13},"end":{"line":1188,"column":104}},"601":{"start":{"line":1191,"column":8},"end":{"line":1193,"column":9}},"602":{"start":{"line":1192,"column":13},"end":{"line":1192,"column":106}},"603":{"start":{"line":1195,"column":24},"end":{"line":1195,"column":58}},"604":{"start":{"line":1197,"column":8},"end":{"line":1197,"column":60}},"605":{"start":{"line":1199,"column":8},"end":{"line":1203,"column":10}},"606":{"start":{"line":1204,"column":9},"end":{"line":1204,"column":89}},"607":{"start":{"line":1207,"column":10},"end":{"line":1209,"column":11}},"608":{"start":{"line":1208,"column":15},"end":{"line":1208,"column":145}},"609":{"start":{"line":1210,"column":11},"end":{"line":1212,"column":11}},"610":{"start":{"line":1211,"column":15},"end":{"line":1211,"column":105}},"611":{"start":{"line":1213,"column":9},"end":{"line":1213,"column":89}},"612":{"start":{"line":1214,"column":9},"end":{"line":1214,"column":88}},"613":{"start":{"line":1216,"column":10},"end":{"line":1216,"column":49}},"614":{"start":{"line":1216,"column":26},"end":{"line":1216,"column":49}},"615":{"start":{"line":1221,"column":0},"end":{"line":1272,"column":3}},"616":{"start":{"line":1223,"column":4},"end":{"line":1271,"column":5}},"617":{"start":{"line":1224,"column":39},"end":{"line":1224,"column":49}},"618":{"start":{"line":1225,"column":68},"end":{"line":1225,"column":76}},"619":{"start":{"line":1228,"column":8},"end":{"line":1230,"column":9}},"620":{"start":{"line":1229,"column":12},"end":{"line":1229,"column":99}},"621":{"start":{"line":1231,"column":25},"end":{"line":1231,"column":49}},"622":{"start":{"line":1232,"column":8},"end":{"line":1234,"column":9}},"623":{"start":{"line":1233,"column":12},"end":{"line":1233,"column":92}},"624":{"start":{"line":1235,"column":27},"end":{"line":1235,"column":52}},"625":{"start":{"line":1236,"column":8},"end":{"line":1238,"column":9}},"626":{"start":{"line":1237,"column":13},"end":{"line":1237,"column":74}},"627":{"start":{"line":1239,"column":8},"end":{"line":1241,"column":9}},"628":{"start":{"line":1240,"column":13},"end":{"line":1240,"column":106}},"629":{"start":{"line":1244,"column":8},"end":{"line":1244,"column":60}},"630":{"start":{"line":1245,"column":25},"end":{"line":1254,"column":9}},"631":{"start":{"line":1256,"column":8},"end":{"line":1258,"column":9}},"632":{"start":{"line":1257,"column":12},"end":{"line":1257,"column":109}},"633":{"start":{"line":1260,"column":8},"end":{"line":1260,"column":79}},"634":{"start":{"line":1264,"column":9},"end":{"line":1266,"column":10}},"635":{"start":{"line":1265,"column":13},"end":{"line":1265,"column":143}},"636":{"start":{"line":1267,"column":8},"end":{"line":1267,"column":74}},"637":{"start":{"line":1268,"column":8},"end":{"line":1268,"column":89}},"638":{"start":{"line":1270,"column":9},"end":{"line":1270,"column":48}},"639":{"start":{"line":1270,"column":25},"end":{"line":1270,"column":48}},"640":{"start":{"line":1275,"column":0},"end":{"line":1300,"column":3}},"641":{"start":{"line":1277,"column":4},"end":{"line":1299,"column":5}},"642":{"start":{"line":1278,"column":39},"end":{"line":1278,"column":49}},"643":{"start":{"line":1280,"column":8},"end":{"line":1280,"column":60}},"644":{"start":{"line":1282,"column":25},"end":{"line":1285,"column":9}},"645":{"start":{"line":1287,"column":8},"end":{"line":1289,"column":9}},"646":{"start":{"line":1288,"column":12},"end":{"line":1288,"column":109}},"647":{"start":{"line":1291,"column":8},"end":{"line":1291,"column":79}},"648":{"start":{"line":1295,"column":8},"end":{"line":1295,"column":74}},"649":{"start":{"line":1296,"column":8},"end":{"line":1296,"column":89}},"650":{"start":{"line":1298,"column":9},"end":{"line":1298,"column":48}},"651":{"start":{"line":1298,"column":25},"end":{"line":1298,"column":48}},"652":{"start":{"line":1303,"column":0},"end":{"line":1336,"column":3}},"653":{"start":{"line":1305,"column":4},"end":{"line":1335,"column":5}},"654":{"start":{"line":1306,"column":27},"end":{"line":1306,"column":48}},"655":{"start":{"line":1308,"column":8},"end":{"line":1308,"column":60}},"656":{"start":{"line":1309,"column":8},"end":{"line":1309,"column":44}},"657":{"start":{"line":1312,"column":8},"end":{"line":1312,"column":99}},"658":{"start":{"line":1315,"column":25},"end":{"line":1315,"column":110}},"659":{"start":{"line":1317,"column":8},"end":{"line":1320,"column":9}},"660":{"start":{"line":1318,"column":12},"end":{"line":1318,"column":40}},"661":{"start":{"line":1319,"column":12},"end":{"line":1319,"column":91}},"662":{"start":{"line":1322,"column":8},"end":{"line":1322,"column":34}},"663":{"start":{"line":1323,"column":8},"end":{"line":1323,"column":92}},"664":{"start":{"line":1326,"column":9},"end":{"line":1326,"column":53}},"665":{"start":{"line":1326,"column":25},"end":{"line":1326,"column":53}},"666":{"start":{"line":1328,"column":9},"end":{"line":1330,"column":10}},"667":{"start":{"line":1329,"column":14},"end":{"line":1329,"column":155}},"668":{"start":{"line":1331,"column":8},"end":{"line":1331,"column":82}},"669":{"start":{"line":1332,"column":8},"end":{"line":1332,"column":84}},"670":{"start":{"line":1334,"column":9},"end":{"line":1334,"column":92}},"671":{"start":{"line":1334,"column":69},"end":{"line":1334,"column":92}},"672":{"start":{"line":1348,"column":0},"end":{"line":1369,"column":3}},"673":{"start":{"line":1350,"column":2},"end":{"line":1368,"column":3}},"674":{"start":{"line":1351,"column":24},"end":{"line":1351,"column":34}},"675":{"start":{"line":1352,"column":4},"end":{"line":1352,"column":56}},"676":{"start":{"line":1354,"column":19},"end":{"line":1360,"column":5}},"677":{"start":{"line":1362,"column":4},"end":{"line":1362,"column":59}},"678":{"start":{"line":1364,"column":4},"end":{"line":1364,"column":63}},"679":{"start":{"line":1365,"column":4},"end":{"line":1365,"column":49}},"680":{"start":{"line":1367,"column":4},"end":{"line":1367,"column":43}},"681":{"start":{"line":1367,"column":20},"end":{"line":1367,"column":43}},"682":{"start":{"line":1372,"column":15},"end":{"line":1372,"column":43}},"683":{"start":{"line":1374,"column":0},"end":{"line":1395,"column":3}},"684":{"start":{"line":1375,"column":2},"end":{"line":1394,"column":3}},"685":{"start":{"line":1376,"column":21},"end":{"line":1376,"column":34}},"686":{"start":{"line":1377,"column":20},"end":{"line":1377,"column":53}},"687":{"start":{"line":1380,"column":25},"end":{"line":1380,"column":62}},"688":{"start":{"line":1381,"column":24},"end":{"line":1381,"column":63}},"689":{"start":{"line":1383,"column":22},"end":{"line":1387,"column":5}},"690":{"start":{"line":1389,"column":4},"end":{"line":1389,"column":28}},"691":{"start":{"line":1390,"column":4},"end":{"line":1390,"column":72}},"692":{"start":{"line":1392,"column":4},"end":{"line":1392,"column":55}},"693":{"start":{"line":1393,"column":4},"end":{"line":1393,"column":66}},"694":{"start":{"line":1398,"column":0},"end":{"line":1417,"column":3}},"695":{"start":{"line":1400,"column":2},"end":{"line":1416,"column":3}},"696":{"start":{"line":1401,"column":4},"end":{"line":1401,"column":56}},"697":{"start":{"line":1403,"column":19},"end":{"line":1408,"column":5}},"698":{"start":{"line":1410,"column":4},"end":{"line":1410,"column":41}},"699":{"start":{"line":1412,"column":4},"end":{"line":1412,"column":61}},"700":{"start":{"line":1413,"column":4},"end":{"line":1413,"column":88}},"701":{"start":{"line":1415,"column":4},"end":{"line":1415,"column":43}},"702":{"start":{"line":1415,"column":20},"end":{"line":1415,"column":43}},"703":{"start":{"line":1420,"column":0},"end":{"line":1442,"column":3}},"704":{"start":{"line":1422,"column":2},"end":{"line":1441,"column":3}},"705":{"start":{"line":1423,"column":4},"end":{"line":1423,"column":56}},"706":{"start":{"line":1425,"column":19},"end":{"line":1433,"column":6}},"707":{"start":{"line":1435,"column":4},"end":{"line":1435,"column":32}},"708":{"start":{"line":1437,"column":4},"end":{"line":1437,"column":61}},"709":{"start":{"line":1438,"column":4},"end":{"line":1438,"column":79}},"710":{"start":{"line":1440,"column":4},"end":{"line":1440,"column":43}},"711":{"start":{"line":1440,"column":20},"end":{"line":1440,"column":43}},"712":{"start":{"line":1445,"column":0},"end":{"line":1468,"column":3}},"713":{"start":{"line":1447,"column":2},"end":{"line":1467,"column":3}},"714":{"start":{"line":1448,"column":4},"end":{"line":1448,"column":56}},"715":{"start":{"line":1450,"column":19},"end":{"line":1459,"column":6}},"716":{"start":{"line":1461,"column":4},"end":{"line":1461,"column":38}},"717":{"start":{"line":1463,"column":4},"end":{"line":1463,"column":58}},"718":{"start":{"line":1464,"column":4},"end":{"line":1464,"column":85}},"719":{"start":{"line":1466,"column":4},"end":{"line":1466,"column":43}},"720":{"start":{"line":1466,"column":20},"end":{"line":1466,"column":43}},"721":{"start":{"line":1474,"column":24},"end":{"line":1474,"column":48}},"722":{"start":{"line":1478,"column":0},"end":{"line":1485,"column":1}},"723":{"start":{"line":1479,"column":2},"end":{"line":1481,"column":5}},"724":{"start":{"line":1480,"column":4},"end":{"line":1480,"column":61}},"725":{"start":{"line":1484,"column":2},"end":{"line":1484,"column":15}},"726":{"start":{"line":1489,"column":0},"end":{"line":1489,"column":33}}},"fnMap":{"0":{"name":"(anonymous_0)","decl":{"start":{"line":31,"column":22},"end":{"line":31,"column":23}},"loc":{"start":{"line":31,"column":95},"end":{"line":46,"column":1}},"line":31},"1":{"name":"(anonymous_1)","decl":{"start":{"line":58,"column":18},"end":{"line":58,"column":19}},"loc":{"start":{"line":58,"column":38},"end":{"line":79,"column":1}},"line":58},"2":{"name":"(anonymous_2)","decl":{"start":{"line":82,"column":19},"end":{"line":82,"column":20}},"loc":{"start":{"line":82,"column":39},"end":{"line":88,"column":1}},"line":82},"3":{"name":"executeWorkflowStep","decl":{"start":{"line":93,"column":15},"end":{"line":93,"column":34}},"loc":{"start":{"line":93,"column":44},"end":{"line":307,"column":1}},"line":93},"4":{"name":"(anonymous_4)","decl":{"start":{"line":213,"column":27},"end":{"line":213,"column":28}},"loc":{"start":{"line":213,"column":39},"end":{"line":235,"column":17}},"line":213},"5":{"name":"(anonymous_5)","decl":{"start":{"line":227,"column":42},"end":{"line":227,"column":43}},"loc":{"start":{"line":227,"column":48},"end":{"line":227,"column":76}},"line":227},"6":{"name":"(anonymous_6)","decl":{"start":{"line":273,"column":29},"end":{"line":273,"column":30}},"loc":{"start":{"line":273,"column":35},"end":{"line":273,"column":63}},"line":273},"7":{"name":"(anonymous_7)","decl":{"start":{"line":313,"column":23},"end":{"line":313,"column":24}},"loc":{"start":{"line":313,"column":43},"end":{"line":367,"column":1}},"line":313},"8":{"name":"(anonymous_8)","decl":{"start":{"line":370,"column":26},"end":{"line":370,"column":27}},"loc":{"start":{"line":370,"column":46},"end":{"line":407,"column":1}},"line":370},"9":{"name":"(anonymous_9)","decl":{"start":{"line":410,"column":23},"end":{"line":410,"column":24}},"loc":{"start":{"line":410,"column":43},"end":{"line":456,"column":1}},"line":410},"10":{"name":"(anonymous_10)","decl":{"start":{"line":459,"column":29},"end":{"line":459,"column":30}},"loc":{"start":{"line":459,"column":49},"end":{"line":505,"column":1}},"line":459},"11":{"name":"(anonymous_11)","decl":{"start":{"line":511,"column":37},"end":{"line":511,"column":38}},"loc":{"start":{"line":511,"column":57},"end":{"line":530,"column":1}},"line":511},"12":{"name":"(anonymous_12)","decl":{"start":{"line":535,"column":38},"end":{"line":535,"column":39}},"loc":{"start":{"line":535,"column":58},"end":{"line":591,"column":1}},"line":535},"13":{"name":"(anonymous_13)","decl":{"start":{"line":581,"column":26},"end":{"line":581,"column":27}},"loc":{"start":{"line":581,"column":32},"end":{"line":581,"column":61}},"line":581},"14":{"name":"(anonymous_14)","decl":{"start":{"line":594,"column":44},"end":{"line":594,"column":45}},"loc":{"start":{"line":594,"column":64},"end":{"line":619,"column":1}},"line":594},"15":{"name":"(anonymous_15)","decl":{"start":{"line":622,"column":39},"end":{"line":622,"column":40}},"loc":{"start":{"line":622,"column":59},"end":{"line":645,"column":1}},"line":622},"16":{"name":"(anonymous_16)","decl":{"start":{"line":649,"column":61},"end":{"line":649,"column":62}},"loc":{"start":{"line":649,"column":81},"end":{"line":715,"column":1}},"line":649},"17":{"name":"(anonymous_17)","decl":{"start":{"line":721,"column":60},"end":{"line":721,"column":61}},"loc":{"start":{"line":721,"column":80},"end":{"line":740,"column":1}},"line":721},"18":{"name":"(anonymous_18)","decl":{"start":{"line":743,"column":63},"end":{"line":743,"column":64}},"loc":{"start":{"line":743,"column":83},"end":{"line":823,"column":1}},"line":743},"19":{"name":"(anonymous_19)","decl":{"start":{"line":811,"column":26},"end":{"line":811,"column":27}},"loc":{"start":{"line":811,"column":32},"end":{"line":811,"column":60}},"line":811},"20":{"name":"(anonymous_20)","decl":{"start":{"line":826,"column":62},"end":{"line":826,"column":63}},"loc":{"start":{"line":826,"column":82},"end":{"line":852,"column":1}},"line":826},"21":{"name":"(anonymous_21)","decl":{"start":{"line":855,"column":74},"end":{"line":855,"column":75}},"loc":{"start":{"line":855,"column":94},"end":{"line":938,"column":1}},"line":855},"22":{"name":"(anonymous_22)","decl":{"start":{"line":944,"column":55},"end":{"line":944,"column":56}},"loc":{"start":{"line":944,"column":75},"end":{"line":956,"column":1}},"line":944},"23":{"name":"(anonymous_23)","decl":{"start":{"line":959,"column":67},"end":{"line":959,"column":68}},"loc":{"start":{"line":959,"column":87},"end":{"line":996,"column":1}},"line":959},"24":{"name":"(anonymous_24)","decl":{"start":{"line":976,"column":43},"end":{"line":976,"column":44}},"loc":{"start":{"line":976,"column":51},"end":{"line":988,"column":9}},"line":976},"25":{"name":"(anonymous_25)","decl":{"start":{"line":999,"column":78},"end":{"line":999,"column":79}},"loc":{"start":{"line":999,"column":98},"end":{"line":1046,"column":1}},"line":999},"26":{"name":"(anonymous_26)","decl":{"start":{"line":1049,"column":78},"end":{"line":1049,"column":79}},"loc":{"start":{"line":1049,"column":98},"end":{"line":1080,"column":1}},"line":1049},"27":{"name":"(anonymous_27)","decl":{"start":{"line":1083,"column":73},"end":{"line":1083,"column":74}},"loc":{"start":{"line":1083,"column":93},"end":{"line":1111,"column":1}},"line":1083},"28":{"name":"(anonymous_28)","decl":{"start":{"line":1092,"column":38},"end":{"line":1092,"column":39}},"loc":{"start":{"line":1092,"column":46},"end":{"line":1103,"column":9}},"line":1092},"29":{"name":"(anonymous_29)","decl":{"start":{"line":1114,"column":56},"end":{"line":1114,"column":57}},"loc":{"start":{"line":1114,"column":76},"end":{"line":1141,"column":1}},"line":1114},"30":{"name":"(anonymous_30)","decl":{"start":{"line":1144,"column":67},"end":{"line":1144,"column":68}},"loc":{"start":{"line":1144,"column":87},"end":{"line":1168,"column":1}},"line":1144},"31":{"name":"(anonymous_31)","decl":{"start":{"line":1172,"column":74},"end":{"line":1172,"column":75}},"loc":{"start":{"line":1172,"column":94},"end":{"line":1218,"column":1}},"line":1172},"32":{"name":"(anonymous_32)","decl":{"start":{"line":1221,"column":81},"end":{"line":1221,"column":82}},"loc":{"start":{"line":1221,"column":101},"end":{"line":1272,"column":1}},"line":1221},"33":{"name":"(anonymous_33)","decl":{"start":{"line":1275,"column":84},"end":{"line":1275,"column":85}},"loc":{"start":{"line":1275,"column":104},"end":{"line":1300,"column":1}},"line":1275},"34":{"name":"(anonymous_34)","decl":{"start":{"line":1303,"column":70},"end":{"line":1303,"column":71}},"loc":{"start":{"line":1303,"column":90},"end":{"line":1336,"column":1}},"line":1303},"35":{"name":"(anonymous_35)","decl":{"start":{"line":1348,"column":44},"end":{"line":1348,"column":45}},"loc":{"start":{"line":1348,"column":64},"end":{"line":1369,"column":1}},"line":1348},"36":{"name":"(anonymous_36)","decl":{"start":{"line":1374,"column":62},"end":{"line":1374,"column":63}},"loc":{"start":{"line":1374,"column":82},"end":{"line":1395,"column":1}},"line":1374},"37":{"name":"(anonymous_37)","decl":{"start":{"line":1398,"column":32},"end":{"line":1398,"column":33}},"loc":{"start":{"line":1398,"column":52},"end":{"line":1417,"column":1}},"line":1398},"38":{"name":"(anonymous_38)","decl":{"start":{"line":1420,"column":34},"end":{"line":1420,"column":35}},"loc":{"start":{"line":1420,"column":54},"end":{"line":1442,"column":1}},"line":1420},"39":{"name":"(anonymous_39)","decl":{"start":{"line":1445,"column":38},"end":{"line":1445,"column":39}},"loc":{"start":{"line":1445,"column":58},"end":{"line":1468,"column":1}},"line":1445},"40":{"name":"(anonymous_40)","decl":{"start":{"line":1479,"column":39},"end":{"line":1479,"column":40}},"loc":{"start":{"line":1479,"column":45},"end":{"line":1481,"column":3}},"line":1479}},"branchMap":{"0":{"loc":{"start":{"line":13,"column":19},"end":{"line":13,"column":74}},"type":"binary-expr","locations":[{"start":{"line":13,"column":19},"end":{"line":13,"column":41}},{"start":{"line":13,"column":45},"end":{"line":13,"column":74}}],"line":13},"1":{"loc":{"start":{"line":31,"column":59},"end":{"line":31,"column":74}},"type":"default-arg","locations":[{"start":{"line":31,"column":70},"end":{"line":31,"column":74}}],"line":31},"2":{"loc":{"start":{"line":31,"column":76},"end":{"line":31,"column":90}},"type":"default-arg","locations":[{"start":{"line":31,"column":86},"end":{"line":31,"column":90}}],"line":31},"3":{"loc":{"start":{"line":38,"column":53},"end":{"line":38,"column":93}},"type":"cond-expr","locations":[{"start":{"line":38,"column":63},"end":{"line":38,"column":86}},{"start":{"line":38,"column":89},"end":{"line":38,"column":93}}],"line":38},"4":{"loc":{"start":{"line":40,"column":86},"end":{"line":40,"column":119}},"type":"cond-expr","locations":[{"start":{"line":40,"column":97},"end":{"line":40,"column":114}},{"start":{"line":40,"column":117},"end":{"line":40,"column":119}}],"line":40},"5":{"loc":{"start":{"line":44,"column":8},"end":{"line":44,"column":47}},"type":"if","locations":[{"start":{"line":44,"column":8},"end":{"line":44,"column":47}},{"start":{},"end":{}}],"line":44},"6":{"loc":{"start":{"line":60,"column":8},"end":{"line":62,"column":9}},"type":"if","locations":[{"start":{"line":60,"column":8},"end":{"line":62,"column":9}},{"start":{},"end":{}}],"line":60},"7":{"loc":{"start":{"line":60,"column":12},"end":{"line":60,"column":90}},"type":"binary-expr","locations":[{"start":{"line":60,"column":12},"end":{"line":60,"column":38}},{"start":{"line":60,"column":42},"end":{"line":60,"column":90}}],"line":60},"8":{"loc":{"start":{"line":70,"column":8},"end":{"line":77,"column":9}},"type":"if","locations":[{"start":{"line":70,"column":8},"end":{"line":77,"column":9}},{"start":{"line":72,"column":15},"end":{"line":77,"column":9}}],"line":70},"9":{"loc":{"start":{"line":70,"column":12},"end":{"line":70,"column":119}},"type":"binary-expr","locations":[{"start":{"line":70,"column":12},"end":{"line":70,"column":46}},{"start":{"line":70,"column":50},"end":{"line":70,"column":78}},{"start":{"line":70,"column":82},"end":{"line":70,"column":119}}],"line":70},"10":{"loc":{"start":{"line":72,"column":15},"end":{"line":77,"column":9}},"type":"if","locations":[{"start":{"line":72,"column":15},"end":{"line":77,"column":9}},{"start":{"line":75,"column":13},"end":{"line":77,"column":9}}],"line":72},"11":{"loc":{"start":{"line":84,"column":4},"end":{"line":86,"column":5}},"type":"if","locations":[{"start":{"line":84,"column":4},"end":{"line":86,"column":5}},{"start":{},"end":{}}],"line":84},"12":{"loc":{"start":{"line":84,"column":8},"end":{"line":84,"column":38}},"type":"binary-expr","locations":[{"start":{"line":84,"column":8},"end":{"line":84,"column":17}},{"start":{"line":84,"column":21},"end":{"line":84,"column":38}}],"line":84},"13":{"loc":{"start":{"line":105,"column":8},"end":{"line":109,"column":9}},"type":"if","locations":[{"start":{"line":105,"column":8},"end":{"line":109,"column":9}},{"start":{},"end":{}}],"line":105},"14":{"loc":{"start":{"line":114,"column":8},"end":{"line":118,"column":9}},"type":"if","locations":[{"start":{"line":114,"column":8},"end":{"line":118,"column":9}},{"start":{},"end":{}}],"line":114},"15":{"loc":{"start":{"line":114,"column":12},"end":{"line":114,"column":58}},"type":"binary-expr","locations":[{"start":{"line":114,"column":12},"end":{"line":114,"column":30}},{"start":{"line":114,"column":34},"end":{"line":114,"column":58}}],"line":114},"16":{"loc":{"start":{"line":126,"column":8},"end":{"line":131,"column":9}},"type":"if","locations":[{"start":{"line":126,"column":8},"end":{"line":131,"column":9}},{"start":{},"end":{}}],"line":126},"17":{"loc":{"start":{"line":136,"column":25},"end":{"line":138,"column":62}},"type":"cond-expr","locations":[{"start":{"line":137,"column":29},"end":{"line":137,"column":74}},{"start":{"line":138,"column":30},"end":{"line":138,"column":61}}],"line":136},"18":{"loc":{"start":{"line":137,"column":40},"end":{"line":137,"column":73}},"type":"binary-expr","locations":[{"start":{"line":137,"column":40},"end":{"line":137,"column":65}},{"start":{"line":137,"column":69},"end":{"line":137,"column":73}}],"line":137},"19":{"loc":{"start":{"line":138,"column":30},"end":{"line":138,"column":61}},"type":"binary-expr","locations":[{"start":{"line":138,"column":30},"end":{"line":138,"column":55}},{"start":{"line":138,"column":59},"end":{"line":138,"column":61}}],"line":138},"20":{"loc":{"start":{"line":157,"column":8},"end":{"line":161,"column":9}},"type":"if","locations":[{"start":{"line":157,"column":8},"end":{"line":161,"column":9}},{"start":{"line":159,"column":15},"end":{"line":161,"column":9}}],"line":157},"21":{"loc":{"start":{"line":157,"column":12},"end":{"line":157,"column":73}},"type":"binary-expr","locations":[{"start":{"line":157,"column":12},"end":{"line":157,"column":35}},{"start":{"line":157,"column":39},"end":{"line":157,"column":73}}],"line":157},"22":{"loc":{"start":{"line":164,"column":8},"end":{"line":261,"column":9}},"type":"switch","locations":[{"start":{"line":165,"column":12},"end":{"line":201,"column":22}},{"start":{"line":203,"column":12},"end":{"line":207,"column":22}},{"start":{"line":209,"column":12},"end":{"line":239,"column":22}},{"start":{"line":241,"column":12},"end":{"line":253,"column":22}},{"start":{"line":255,"column":12},"end":{"line":260,"column":127}}],"line":164},"23":{"loc":{"start":{"line":166,"column":59},"end":{"line":166,"column":91}},"type":"binary-expr","locations":[{"start":{"line":166,"column":59},"end":{"line":166,"column":78}},{"start":{"line":166,"column":82},"end":{"line":166,"column":91}}],"line":166},"24":{"loc":{"start":{"line":168,"column":16},"end":{"line":199,"column":17}},"type":"if","locations":[{"start":{"line":168,"column":16},"end":{"line":199,"column":17}},{"start":{"line":177,"column":23},"end":{"line":199,"column":17}}],"line":168},"25":{"loc":{"start":{"line":169,"column":20},"end":{"line":176,"column":21}},"type":"if","locations":[{"start":{"line":169,"column":20},"end":{"line":176,"column":21}},{"start":{"line":173,"column":27},"end":{"line":176,"column":21}}],"line":169},"26":{"loc":{"start":{"line":170,"column":24},"end":{"line":170,"column":127}},"type":"if","locations":[{"start":{"line":170,"column":24},"end":{"line":170,"column":127}},{"start":{},"end":{}}],"line":170},"27":{"loc":{"start":{"line":177,"column":23},"end":{"line":199,"column":17}},"type":"if","locations":[{"start":{"line":177,"column":23},"end":{"line":199,"column":17}},{"start":{"line":180,"column":23},"end":{"line":199,"column":17}}],"line":177},"28":{"loc":{"start":{"line":180,"column":23},"end":{"line":199,"column":17}},"type":"if","locations":[{"start":{"line":180,"column":23},"end":{"line":199,"column":17}},{"start":{"line":190,"column":23},"end":{"line":199,"column":17}}],"line":180},"29":{"loc":{"start":{"line":181,"column":20},"end":{"line":181,"column":122}},"type":"if","locations":[{"start":{"line":181,"column":20},"end":{"line":181,"column":122}},{"start":{},"end":{}}],"line":181},"30":{"loc":{"start":{"line":183,"column":20},"end":{"line":189,"column":21}},"type":"if","locations":[{"start":{"line":183,"column":20},"end":{"line":189,"column":21}},{"start":{"line":187,"column":27},"end":{"line":189,"column":21}}],"line":183},"31":{"loc":{"start":{"line":190,"column":23},"end":{"line":199,"column":17}},"type":"if","locations":[{"start":{"line":190,"column":23},"end":{"line":199,"column":17}},{"start":{"line":196,"column":21},"end":{"line":199,"column":17}}],"line":190},"32":{"loc":{"start":{"line":191,"column":21},"end":{"line":191,"column":123}},"type":"if","locations":[{"start":{"line":191,"column":21},"end":{"line":191,"column":123}},{"start":{},"end":{}}],"line":191},"33":{"loc":{"start":{"line":200,"column":16},"end":{"line":200,"column":61}},"type":"if","locations":[{"start":{"line":200,"column":16},"end":{"line":200,"column":61}},{"start":{},"end":{}}],"line":200},"34":{"loc":{"start":{"line":204,"column":80},"end":{"line":204,"column":143}},"type":"binary-expr","locations":[{"start":{"line":204,"column":80},"end":{"line":204,"column":94}},{"start":{"line":204,"column":98},"end":{"line":204,"column":121}},{"start":{"line":204,"column":125},"end":{"line":204,"column":143}}],"line":204},"35":{"loc":{"start":{"line":210,"column":37},"end":{"line":210,"column":69}},"type":"binary-expr","locations":[{"start":{"line":210,"column":37},"end":{"line":210,"column":63}},{"start":{"line":210,"column":67},"end":{"line":210,"column":69}}],"line":210},"36":{"loc":{"start":{"line":225,"column":24},"end":{"line":230,"column":25}},"type":"if","locations":[{"start":{"line":225,"column":24},"end":{"line":230,"column":25}},{"start":{"line":228,"column":31},"end":{"line":230,"column":25}}],"line":225},"37":{"loc":{"start":{"line":233,"column":25},"end":{"line":233,"column":74}},"type":"if","locations":[{"start":{"line":233,"column":25},"end":{"line":233,"column":74}},{"start":{},"end":{}}],"line":233},"38":{"loc":{"start":{"line":244,"column":16},"end":{"line":251,"column":17}},"type":"if","locations":[{"start":{"line":244,"column":16},"end":{"line":251,"column":17}},{"start":{"line":248,"column":23},"end":{"line":251,"column":17}}],"line":244},"39":{"loc":{"start":{"line":245,"column":21},"end":{"line":245,"column":115}},"type":"if","locations":[{"start":{"line":245,"column":21},"end":{"line":245,"column":115}},{"start":{},"end":{}}],"line":245},"40":{"loc":{"start":{"line":264,"column":8},"end":{"line":286,"column":9}},"type":"if","locations":[{"start":{"line":264,"column":8},"end":{"line":286,"column":9}},{"start":{"line":277,"column":15},"end":{"line":286,"column":9}}],"line":264},"41":{"loc":{"start":{"line":264,"column":12},"end":{"line":264,"column":47}},"type":"binary-expr","locations":[{"start":{"line":264,"column":12},"end":{"line":264,"column":25}},{"start":{"line":264,"column":29},"end":{"line":264,"column":47}}],"line":264},"42":{"loc":{"start":{"line":272,"column":12},"end":{"line":276,"column":13}},"type":"if","locations":[{"start":{"line":272,"column":12},"end":{"line":276,"column":13}},{"start":{"line":274,"column":19},"end":{"line":276,"column":13}}],"line":272},"43":{"loc":{"start":{"line":277,"column":15},"end":{"line":286,"column":9}},"type":"if","locations":[{"start":{"line":277,"column":15},"end":{"line":286,"column":9}},{"start":{"line":280,"column":15},"end":{"line":286,"column":9}}],"line":277},"44":{"loc":{"start":{"line":277,"column":19},"end":{"line":277,"column":62}},"type":"binary-expr","locations":[{"start":{"line":277,"column":19},"end":{"line":277,"column":36}},{"start":{"line":277,"column":40},"end":{"line":277,"column":62}}],"line":277},"45":{"loc":{"start":{"line":280,"column":15},"end":{"line":286,"column":9}},"type":"if","locations":[{"start":{"line":280,"column":15},"end":{"line":286,"column":9}},{"start":{"line":283,"column":15},"end":{"line":286,"column":9}}],"line":280},"46":{"loc":{"start":{"line":290,"column":8},"end":{"line":292,"column":9}},"type":"if","locations":[{"start":{"line":290,"column":8},"end":{"line":292,"column":9}},{"start":{},"end":{}}],"line":290},"47":{"loc":{"start":{"line":303,"column":8},"end":{"line":305,"column":9}},"type":"if","locations":[{"start":{"line":303,"column":8},"end":{"line":305,"column":9}},{"start":{},"end":{}}],"line":303},"48":{"loc":{"start":{"line":303,"column":12},"end":{"line":303,"column":66}},"type":"binary-expr","locations":[{"start":{"line":303,"column":12},"end":{"line":303,"column":22}},{"start":{"line":303,"column":26},"end":{"line":303,"column":66}}],"line":303},"49":{"loc":{"start":{"line":317,"column":8},"end":{"line":319,"column":9}},"type":"if","locations":[{"start":{"line":317,"column":8},"end":{"line":319,"column":9}},{"start":{},"end":{}}],"line":317},"50":{"loc":{"start":{"line":317,"column":12},"end":{"line":317,"column":38}},"type":"binary-expr","locations":[{"start":{"line":317,"column":12},"end":{"line":317,"column":24}},{"start":{"line":317,"column":28},"end":{"line":317,"column":38}}],"line":317},"51":{"loc":{"start":{"line":329,"column":8},"end":{"line":331,"column":9}},"type":"if","locations":[{"start":{"line":329,"column":8},"end":{"line":331,"column":9}},{"start":{},"end":{}}],"line":329},"52":{"loc":{"start":{"line":334,"column":8},"end":{"line":336,"column":9}},"type":"if","locations":[{"start":{"line":334,"column":8},"end":{"line":336,"column":9}},{"start":{},"end":{}}],"line":334},"53":{"loc":{"start":{"line":334,"column":12},"end":{"line":334,"column":40}},"type":"binary-expr","locations":[{"start":{"line":334,"column":12},"end":{"line":334,"column":16}},{"start":{"line":334,"column":20},"end":{"line":334,"column":40}}],"line":334},"54":{"loc":{"start":{"line":338,"column":8},"end":{"line":338,"column":104}},"type":"if","locations":[{"start":{"line":338,"column":8},"end":{"line":338,"column":104}},{"start":{},"end":{}}],"line":338},"55":{"loc":{"start":{"line":342,"column":8},"end":{"line":342,"column":104}},"type":"if","locations":[{"start":{"line":342,"column":8},"end":{"line":342,"column":104}},{"start":{},"end":{}}],"line":342},"56":{"loc":{"start":{"line":346,"column":8},"end":{"line":348,"column":9}},"type":"if","locations":[{"start":{"line":346,"column":8},"end":{"line":348,"column":9}},{"start":{},"end":{}}],"line":346},"57":{"loc":{"start":{"line":346,"column":12},"end":{"line":346,"column":71}},"type":"binary-expr","locations":[{"start":{"line":346,"column":12},"end":{"line":346,"column":17}},{"start":{"line":346,"column":22},"end":{"line":346,"column":29}},{"start":{"line":346,"column":33},"end":{"line":346,"column":70}}],"line":346},"58":{"loc":{"start":{"line":354,"column":8},"end":{"line":357,"column":9}},"type":"if","locations":[{"start":{"line":354,"column":8},"end":{"line":357,"column":9}},{"start":{},"end":{}}],"line":354},"59":{"loc":{"start":{"line":354,"column":12},"end":{"line":354,"column":47}},"type":"binary-expr","locations":[{"start":{"line":354,"column":12},"end":{"line":354,"column":20}},{"start":{"line":354,"column":24},"end":{"line":354,"column":47}}],"line":354},"60":{"loc":{"start":{"line":365,"column":8},"end":{"line":365,"column":47}},"type":"if","locations":[{"start":{"line":365,"column":8},"end":{"line":365,"column":47}},{"start":{},"end":{}}],"line":365},"61":{"loc":{"start":{"line":374,"column":8},"end":{"line":376,"column":9}},"type":"if","locations":[{"start":{"line":374,"column":8},"end":{"line":376,"column":9}},{"start":{},"end":{}}],"line":374},"62":{"loc":{"start":{"line":374,"column":12},"end":{"line":374,"column":40}},"type":"binary-expr","locations":[{"start":{"line":374,"column":12},"end":{"line":374,"column":17}},{"start":{"line":374,"column":21},"end":{"line":374,"column":27}},{"start":{"line":374,"column":31},"end":{"line":374,"column":40}}],"line":374},"63":{"loc":{"start":{"line":378,"column":8},"end":{"line":380,"column":9}},"type":"if","locations":[{"start":{"line":378,"column":8},"end":{"line":380,"column":9}},{"start":{},"end":{}}],"line":378},"64":{"loc":{"start":{"line":382,"column":8},"end":{"line":384,"column":9}},"type":"if","locations":[{"start":{"line":382,"column":8},"end":{"line":384,"column":9}},{"start":{},"end":{}}],"line":382},"65":{"loc":{"start":{"line":399,"column":8},"end":{"line":401,"column":9}},"type":"if","locations":[{"start":{"line":399,"column":8},"end":{"line":401,"column":9}},{"start":{},"end":{}}],"line":399},"66":{"loc":{"start":{"line":405,"column":8},"end":{"line":405,"column":47}},"type":"if","locations":[{"start":{"line":405,"column":8},"end":{"line":405,"column":47}},{"start":{},"end":{}}],"line":405},"67":{"loc":{"start":{"line":414,"column":8},"end":{"line":416,"column":9}},"type":"if","locations":[{"start":{"line":414,"column":8},"end":{"line":416,"column":9}},{"start":{},"end":{}}],"line":414},"68":{"loc":{"start":{"line":414,"column":12},"end":{"line":414,"column":31}},"type":"binary-expr","locations":[{"start":{"line":414,"column":12},"end":{"line":414,"column":18}},{"start":{"line":414,"column":22},"end":{"line":414,"column":31}}],"line":414},"69":{"loc":{"start":{"line":421,"column":8},"end":{"line":425,"column":9}},"type":"if","locations":[{"start":{"line":421,"column":8},"end":{"line":425,"column":9}},{"start":{},"end":{}}],"line":421},"70":{"loc":{"start":{"line":427,"column":8},"end":{"line":430,"column":9}},"type":"if","locations":[{"start":{"line":427,"column":8},"end":{"line":430,"column":9}},{"start":{},"end":{}}],"line":427},"71":{"loc":{"start":{"line":433,"column":8},"end":{"line":437,"column":9}},"type":"if","locations":[{"start":{"line":433,"column":8},"end":{"line":437,"column":9}},{"start":{},"end":{}}],"line":433},"72":{"loc":{"start":{"line":454,"column":8},"end":{"line":454,"column":47}},"type":"if","locations":[{"start":{"line":454,"column":8},"end":{"line":454,"column":47}},{"start":{},"end":{}}],"line":454},"73":{"loc":{"start":{"line":463,"column":8},"end":{"line":465,"column":9}},"type":"if","locations":[{"start":{"line":463,"column":8},"end":{"line":465,"column":9}},{"start":{},"end":{}}],"line":463},"74":{"loc":{"start":{"line":463,"column":12},"end":{"line":463,"column":31}},"type":"binary-expr","locations":[{"start":{"line":463,"column":12},"end":{"line":463,"column":18}},{"start":{"line":463,"column":22},"end":{"line":463,"column":31}}],"line":463},"75":{"loc":{"start":{"line":470,"column":8},"end":{"line":474,"column":9}},"type":"if","locations":[{"start":{"line":470,"column":8},"end":{"line":474,"column":9}},{"start":{},"end":{}}],"line":470},"76":{"loc":{"start":{"line":476,"column":8},"end":{"line":479,"column":9}},"type":"if","locations":[{"start":{"line":476,"column":8},"end":{"line":479,"column":9}},{"start":{},"end":{}}],"line":476},"77":{"loc":{"start":{"line":482,"column":8},"end":{"line":486,"column":9}},"type":"if","locations":[{"start":{"line":482,"column":8},"end":{"line":486,"column":9}},{"start":{},"end":{}}],"line":482},"78":{"loc":{"start":{"line":503,"column":8},"end":{"line":503,"column":47}},"type":"if","locations":[{"start":{"line":503,"column":8},"end":{"line":503,"column":47}},{"start":{},"end":{}}],"line":503},"79":{"loc":{"start":{"line":514,"column":8},"end":{"line":514,"column":87}},"type":"if","locations":[{"start":{"line":514,"column":8},"end":{"line":514,"column":87}},{"start":{},"end":{}}],"line":514},"80":{"loc":{"start":{"line":528,"column":8},"end":{"line":528,"column":47}},"type":"if","locations":[{"start":{"line":528,"column":8},"end":{"line":528,"column":47}},{"start":{},"end":{}}],"line":528},"81":{"loc":{"start":{"line":539,"column":8},"end":{"line":539,"column":87}},"type":"if","locations":[{"start":{"line":539,"column":8},"end":{"line":539,"column":87}},{"start":{},"end":{}}],"line":539},"82":{"loc":{"start":{"line":543,"column":8},"end":{"line":545,"column":9}},"type":"if","locations":[{"start":{"line":543,"column":8},"end":{"line":545,"column":9}},{"start":{},"end":{}}],"line":543},"83":{"loc":{"start":{"line":543,"column":12},"end":{"line":543,"column":56}},"type":"binary-expr","locations":[{"start":{"line":543,"column":12},"end":{"line":543,"column":22}},{"start":{"line":543,"column":26},"end":{"line":543,"column":38}},{"start":{"line":543,"column":42},"end":{"line":543,"column":56}}],"line":543},"84":{"loc":{"start":{"line":547,"column":8},"end":{"line":549,"column":9}},"type":"if","locations":[{"start":{"line":547,"column":8},"end":{"line":549,"column":9}},{"start":{},"end":{}}],"line":547},"85":{"loc":{"start":{"line":547,"column":12},"end":{"line":547,"column":50}},"type":"binary-expr","locations":[{"start":{"line":547,"column":12},"end":{"line":547,"column":30}},{"start":{"line":547,"co
[...]
"column":9}},{"start":{},"end":{}}],"line":1118},"141":{"loc":{"start":{"line":1118,"column":12},"end":{"line":1118,"column":33}},"type":"binary-expr","locations":[{"start":{"line":1118,"column":12},"end":{"line":1118,"column":24}},{"start":{"line":1118,"column":28},"end":{"line":1118,"column":33}}],"line":1118},"142":{"loc":{"start":{"line":1122,"column":9},"end":{"line":1124,"column":9}},"type":"if","locations":[{"start":{"line":1122,"column":9},"end":{"line":1124,"column":9}},{"start":{},"end":{}}],"line":1122},"143":{"loc":{"start":{"line":1129,"column":32},"end":{"line":1129,"column":51}},"type":"binary-expr","locations":[{"start":{"line":1129,"column":32},"end":{"line":1129,"column":43}},{"start":{"line":1129,"column":47},"end":{"line":1129,"column":51}}],"line":1129},"144":{"loc":{"start":{"line":1133,"column":8},"end":{"line":1135,"column":9}},"type":"if","locations":[{"start":{"line":1133,"column":8},"end":{"line":1135,"column":9}},{"start":{},"end":{}}],"line":1133},"145":{"loc":{"start":{"line":1139,"column":8},"end":{"line":1139,"column":47}},"type":"if","locations":[{"start":{"line":1139,"column":8},"end":{"line":1139,"column":47}},{"start":{},"end":{}}],"line":1139},"146":{"loc":{"start":{"line":1149,"column":8},"end":{"line":1151,"column":9}},"type":"if","locations":[{"start":{"line":1149,"column":8},"end":{"line":1151,"column":9}},{"start":{},"end":{}}],"line":1149},"147":{"loc":{"start":{"line":1156,"column":19},"end":{"line":1156,"column":38}},"type":"binary-expr","locations":[{"start":{"line":1156,"column":19},"end":{"line":1156,"column":30}},{"start":{"line":1156,"column":34},"end":{"line":1156,"column":38}}],"line":1156},"148":{"loc":{"start":{"line":1158,"column":8},"end":{"line":1160,"column":9}},"type":"if","locations":[{"start":{"line":1158,"column":8},"end":{"line":1160,"column":9}},{"start":{},"end":{}}],"line":1158},"149":{"loc":{"start":{"line":1166,"column":8},"end":{"line":1166,"column":47}},"type":"if","locations":[{"start":{"line":1166,"column":8},"end":{"line":1166,"column":47}},{"start":{},"end":{}}],"line":1166},"150":{"loc":{"start":{"line":1178,"column":8},"end":{"line":1180,"column":9}},"type":"if","locations":[{"start":{"line":1178,"column":8},"end":{"line":1180,"column":9}},{"start":{},"end":{}}],"line":1178},"151":{"loc":{"start":{"line":1178,"column":12},"end":{"line":1178,"column":58}},"type":"binary-expr","locations":[{"start":{"line":1178,"column":12},"end":{"line":1178,"column":30}},{"start":{"line":1178,"column":34},"end":{"line":1178,"column":44}},{"start":{"line":1178,"column":48},"end":{"line":1178,"column":58}}],"line":1178},"152":{"loc":{"start":{"line":1182,"column":8},"end":{"line":1184,"column":9}},"type":"if","locations":[{"start":{"line":1182,"column":8},"end":{"line":1184,"column":9}},{"start":{},"end":{}}],"line":1182},"153":{"loc":{"start":{"line":1182,"column":12},"end":{"line":1182,"column":44}},"type":"binary-expr","locations":[{"start":{"line":1182,"column":12},"end":{"line":1182,"column":27}},{"start":{"line":1182,"column":31},"end":{"line":1182,"column":44}}],"line":1182},"154":{"loc":{"start":{"line":1187,"column":8},"end":{"line":1189,"column":9}},"type":"if","locations":[{"start":{"line":1187,"column":8},"end":{"line":1189,"column":9}},{"start":{},"end":{}}],"line":1187},"155":{"loc":{"start":{"line":1191,"column":8},"end":{"line":1193,"column":9}},"type":"if","locations":[{"start":{"line":1191,"column":8},"end":{"line":1193,"column":9}},{"start":{},"end":{}}],"line":1191},"156":{"loc":{"start":{"line":1191,"column":12},"end":{"line":1191,"column":70}},"type":"binary-expr","locations":[{"start":{"line":1191,"column":12},"end":{"line":1191,"column":33}},{"start":{"line":1191,"column":37},"end":{"line":1191,"column":70}}],"line":1191},"157":{"loc":{"start":{"line":1202,"column":67},"end":{"line":1202,"column":119}},"type":"cond-expr","locations":[{"start":{"line":1202,"column":83},"end":{"line":1202,"column":112}},{"start":{"line":1202,"column":115},"end":{"line":1202,"column":119}}],"line":1202},"158":{"loc":{"start":{"line":1207,"column":10},"end":{"line":1209,"column":11}},"type":"if","locations":[{"start":{"line":1207,"column":10},"end":{"line":1209,"column":11}},{"start":{},"end":{}}],"line":1207},"159":{"loc":{"start":{"line":1207,"column":14},"end":{"line":1207,"column":98}},"type":"binary-expr","locations":[{"start":{"line":1207,"column":14},"end":{"line":1207,"column":43}},{"start":{"line":1207,"column":47},"end":{"line":1207,"column":98}}],"line":1207},"160":{"loc":{"start":{"line":1210,"column":11},"end":{"line":1212,"column":11}},"type":"if","locations":[{"start":{"line":1210,"column":11},"end":{"line":1212,"column":11}},{"start":{},"end":{}}],"line":1210},"161":{"loc":{"start":{"line":1210,"column":15},"end":{"line":1210,"column":108}},"type":"binary-expr","locations":[{"start":{"line":1210,"column":15},"end":{"line":1210,"column":54}},{"start":{"line":1210,"column":58},"end":{"line":1210,"column":108}}],"line":1210},"162":{"loc":{"start":{"line":1216,"column":10},"end":{"line":1216,"column":49}},"type":"if","locations":[{"start":{"line":1216,"column":10},"end":{"line":1216,"column":49}},{"start":{},"end":{}}],"line":1216},"163":{"loc":{"start":{"line":1228,"column":8},"end":{"line":1230,"column":9}},"type":"if","locations":[{"start":{"line":1228,"column":8},"end":{"line":1230,"column":9}},{"start":{},"end":{}}],"line":1228},"164":{"loc":{"start":{"line":1228,"column":12},"end":{"line":1228,"column":58}},"type":"binary-expr","locations":[{"start":{"line":1228,"column":12},"end":{"line":1228,"column":30}},{"start":{"line":1228,"column":34},"end":{"line":1228,"column":44}},{"start":{"line":1228,"column":48},"end":{"line":1228,"column":58}}],"line":1228},"165":{"loc":{"start":{"line":1232,"column":8},"end":{"line":1234,"column":9}},"type":"if","locations":[{"start":{"line":1232,"column":8},"end":{"line":1234,"column":9}},{"start":{},"end":{}}],"line":1232},"166":{"loc":{"start":{"line":1232,"column":12},"end":{"line":1232,"column":44}},"type":"binary-expr","locations":[{"start":{"line":1232,"column":12},"end":{"line":1232,"column":27}},{"start":{"line":1232,"column":31},"end":{"line":1232,"column":44}}],"line":1232},"167":{"loc":{"start":{"line":1236,"column":8},"end":{"line":1238,"column":9}},"type":"if","locations":[{"start":{"line":1236,"column":8},"end":{"line":1238,"column":9}},{"start":{},"end":{}}],"line":1236},"168":{"loc":{"start":{"line":1239,"column":8},"end":{"line":1241,"column":9}},"type":"if","locations":[{"start":{"line":1239,"column":8},"end":{"line":1241,"column":9}},{"start":{},"end":{}}],"line":1239},"169":{"loc":{"start":{"line":1239,"column":12},"end":{"line":1239,"column":70}},"type":"binary-expr","locations":[{"start":{"line":1239,"column":12},"end":{"line":1239,"column":33}},{"start":{"line":1239,"column":37},"end":{"line":1239,"column":70}}],"line":1239},"170":{"loc":{"start":{"line":1251,"column":17},"end":{"line":1251,"column":69}},"type":"cond-expr","locations":[{"start":{"line":1251,"column":33},"end":{"line":1251,"column":62}},{"start":{"line":1251,"column":65},"end":{"line":1251,"column":69}}],"line":1251},"171":{"loc":{"start":{"line":1256,"column":8},"end":{"line":1258,"column":9}},"type":"if","locations":[{"start":{"line":1256,"column":8},"end":{"line":1258,"column":9}},{"start":{},"end":{}}],"line":1256},"172":{"loc":{"start":{"line":1264,"column":9},"end":{"line":1266,"column":10}},"type":"if","locations":[{"start":{"line":1264,"column":9},"end":{"line":1266,"column":10}},{"start":{},"end":{}}],"line":1264},"173":{"loc":{"start":{"line":1264,"column":13},"end":{"line":1264,"column":97}},"type":"binary-expr","locations":[{"start":{"line":1264,"column":13},"end":{"line":1264,"column":42}},{"start":{"line":1264,"column":46},"end":{"line":1264,"column":97}}],"line":1264},"174":{"loc":{"start":{"line":1270,"column":9},"end":{"line":1270,"column":48}},"type":"if","locations":[{"start":{"line":1270,"column":9},"end":{"line":1270,"column":48}},{"start":{},"end":{}}],"line":1270},"175":{"loc":{"start":{"line":1287,"column":8},"end":{"line":1289,"column":9}},"type":"if","locations":[{"start":{"line":1287,"column":8},"end":{"line":1289,"column":9}},{"start":{},"end":{}}],"line":1287},"176":{"loc":{"start":{"line":1298,"column":9},"end":{"line":1298,"column":48}},"type":"if","locations":[{"start":{"line":1298,"column":9},"end":{"line":1298,"column":48}},{"start":{},"end":{}}],"line":1298},"177":{"loc":{"start":{"line":1317,"column":8},"end":{"line":1320,"column":9}},"type":"if","locations":[{"start":{"line":1317,"column":8},"end":{"line":1320,"column":9}},{"start":{},"end":{}}],"line":1317},"178":{"loc":{"start":{"line":1326,"column":9},"end":{"line":1326,"column":53}},"type":"if","locations":[{"start":{"line":1326,"column":9},"end":{"line":1326,"column":53}},{"start":{},"end":{}}],"line":1326},"179":{"loc":{"start":{"line":1328,"column":9},"end":{"line":1330,"column":10}},"type":"if","locations":[{"start":{"line":1328,"column":9},"end":{"line":1330,"column":10}},{"start":{},"end":{}}],"line":1328},"180":{"loc":{"start":{"line":1328,"column":13},"end":{"line":1328,"column":102}},"type":"binary-expr","locations":[{"start":{"line":1328,"column":13},"end":{"line":1328,"column":52}},{"start":{"line":1328,"column":56},"end":{"line":1328,"column":102}}],"line":1328},"181":{"loc":{"start":{"line":1334,"column":9},"end":{"line":1334,"column":92}},"type":"if","locations":[{"start":{"line":1334,"column":9},"end":{"line":1334,"column":92}},{"start":{},"end":{}}],"line":1334},"182":{"loc":{"start":{"line":1334,"column":13},"end":{"line":1334,"column":67}},"type":"binary-expr","locations":[{"start":{"line":1334,"column":13},"end":{"line":1334,"column":23}},{"start":{"line":1334,"column":27},"end":{"line":1334,"column":67}}],"line":1334},"183":{"loc":{"start":{"line":1367,"column":4},"end":{"line":1367,"column":43}},"type":"if","locations":[{"start":{"line":1367,"column":4},"end":{"line":1367,"column":43}},{"start":{},"end":{}}],"line":1367},"184":{"loc":{"start":{"line":1384,"column":16},"end":{"line":1384,"column":53}},"type":"cond-expr","locations":[{"start":{"line":1384,"column":31},"end":{"line":1384,"column":46}},{"start":{"line":1384,"column":49},"end":{"line":1384,"column":53}}],"line":1384},"185":{"loc":{"start":{"line":1385,"column":14},"end":{"line":1385,"column":79}},"type":"cond-expr","locations":[{"start":{"line":1385,"column":28},"end":{"line":1385,"column":72}},{"start":{"line":1385,"column":75},"end":{"line":1385,"column":79}}],"line":1385},"186":{"loc":{"start":{"line":1415,"column":4},"end":{"line":1415,"column":43}},"type":"if","locations":[{"start":{"line":1415,"column":4},"end":{"line":1415,"column":43}},{"start":{},"end":{}}],"line":1415},"187":{"loc":{"start":{"line":1440,"column":4},"end":{"line":1440,"column":43}},"type":"if","locations":[{"start":{"line":1440,"column":4},"end":{"line":1440,"column":43}},{"start":{},"end":{}}],"line":1440},"188":{"loc":{"start":{"line":1466,"column":4},"end":{"line":1466,"column":43}},"type":"if","locations":[{"start":{"line":1466,"column":4},"end":{"line":1466,"column":43}},{"start":{},"end":{}}],"line":1466},"189":{"loc":{"start":{"line":1474,"column":24},"end":{"line":1474,"column":48}},"type":"binary-expr","locations":[{"start":{"line":1474,"column":24},"end":{"line":1474,"column":40}},{"start":{"line":1474,"column":44},"end":{"line":1474,"column":48}}],"line":1474},"190":{"loc":{"start":{"line":1478,"column":0},"end":{"line":1485,"column":1}},"type":"if","locations":[{"start":{"line":1478,"column":0},"end":{"line":1485,"column":1}},{"start":{"line":1482,"column":7},"end":{"line":1485,"column":1}}],"line":1478}},"s":{"0":1,"1":1,"2":1,"3":1,"4":1,"5":1,"6":1,"7":1,"8":1,"9":1,"10":1,"11":1,"12":1,"13":1,"14":1,"15":1,"16":1,"17":0,"18":0,"19":0,"20":0,"21":0,"22":0,"23":0,"24":1,"25":1,"26":3,"27":3,"28":0,"29":3,"30":3,"31":3,"32":3,"33":0,"34":0,"35":0,"36":0,"37":0,"38":0,"39":1,"40":3,"41":0,"42":3,"43":0,"44":0,"45":0,"46":0,"47":0,"48":0,"49":0,"50":0,"51":0,"52":0,"53":0,"54":0,"55":0,"56":0,"57":0,"58":0,"59":0,"60":0,"61":0,"62":0,"63":0,"64":0,"65":0,"66":0,"67":0,"68":0,"69":0,"70":0,"71":0,"72":0,"73":0,"74":0,"75":0,"76":0,"77":0,"78":0,"79":0,"80":0,"81":0,"82":0,"83":0,"84":0,"85":0,"86":0,"87":0,"88":0,"89":0,"90":0,"91":0,"92":0,"93":0,"94":0,"95":0,"96":0,"97":0,"98":0,"99":0,"100":0,"101":0,"102":0,"103":0,"104":0,"105":0,"106":0,"107":0,"108":0,"109":0,"110":0,"111":0,"112":0,"113":0,"114":0,"115":0,"116":0,"117":0,"118":0,"119":0,"120":0,"121":0,"122":0,"123":0,"124":0,"125":0,"126":0,"127":0,"128":0,"129":0,"130":0,"131":0,"132":0,"133":0,"134":0,"135":0,"136":0,"137":0,"138":0,"139":0,"140":0,"141":0,"142":0,"143":0,"144":0,"145":0,"146":0,"147":0,"148":0,"149":0,"150":0,"151":0,"152":0,"153":0,"154":0,"155":0,"156":0,"157":0,"158":0,"159":0,"160":0,"161":0,"162":0,"163":0,"164":0,"165":0,"166":0,"167":0,"168":0,"169":0,"170":0,"171":0,"172":1,"173":0,"174":0,"175":0,"176":0,"177":0,"178":0,"179":0,"180":0,"181":0,"182":0,"183":0,"184":0,"185":0,"186":0,"187":0,"188":0,"189":0,"190":0,"191":0,"192":0,"193":0,"194":0,"195":0,"196":0,"197":0,"198":0,"199":0,"200":0,"201":0,"202":0,"203":0,"204":0,"205":1,"206":0,"207":0,"208":0,"209":0,"210":0,"211":0,"212":0,"213":0,"214":0,"215":0,"216":0,"217":0,"218":0,"219":0,"220":0,"221":0,"222":0,"223":0,"224":0,"225":1,"226":0,"227":0,"228":0,"229":0,"230":0,"231":0,"232":0,"233":0,"234":0,"235":0,"236":0,"237":0,"238":0,"239":0,"240":0,"241":0,"242":0,"243":0,"244":0,"245":0,"246":0,"247":0,"248":0,"249":0,"250":1,"251":0,"252":0,"253":0,"254":0,"255":0,"256":0,"257":0,"258":0,"259":0,"260":0,"261":0,"262":0,"263":0,"264":0,"265":0,"266":0,"267":0,"268":0,"269":0,"270":0,"271":0,"272":0,"273":0,"274":0,"275":1,"276":0,"277":0,"278":0,"279":0,"280":0,"281":0,"282":0,"283":0,"284":0,"285":0,"286":0,"287":1,"288":0,"289":0,"290":0,"291":0,"292":0,"293":0,"294":0,"295":0,"296":0,"297":0,"298":0,"299":0,"300":0,"301":0,"302":0,"303":0,"304":0,"305":0,"306":0,"307":0,"308":0,"309":0,"310":0,"311":0,"312":0,"313":0,"314":0,"315":0,"316":0,"317":0,"318":0,"319":1,"320":0,"321":0,"322":0,"323":0,"324":0,"325":0,"326":0,"327":0,"328":0,"329":0,"330":0,"331":1,"332":0,"333":0,"334":0,"335":0,"336":0,"337":0,"338":0,"339":0,"340":0,"341":0,"342":0,"343":1,"344":0,"345":0,"346":0,"347":0,"348":0,"349":0,"350":0,"351":0,"352":0,"353":0,"354":0,"355":0,"356":0,"357":0,"358":0,"359":0,"360":0,"361":0,"362":0,"363":0,"364":0,"365":0,"366":0,"367":0,"368":0,"369":0,"370":0,"371":0,"372":1,"373":0,"374":0,"375":0,"376":0,"377":0,"378":0,"379":0,"380":0,"381":1,"382":0,"383":0,"384":0,"385":0,"386":0,"387":0,"388":0,"389":0,"390":0,"391":0,"392":0,"393":0,"394":0,"395":0,"396":0,"397":0,"398":0,"399":0,"400":0,"401":0,"402":0,"403":0,"404":0,"405":0,"406":0,"407":0,"408":0,"409":0,"410":0,"411":0,"412":0,"413":0,"414":0,"415":0,"416":0,"417":0,"418":0,"419":0,"420":0,"421":0,"422":0,"423":1,"424":0,"425":0,"426":0,"427":0,"428":0,"429":0,"430":0,"431":0,"432":1,"433":0,"434":0,"435":0,"436":0,"437":0,"438":0,"439":0,"440":0,"441":0,"442":0,"443":0,"444":0,"445":0,"446":0,"447":0,"448":0,"449":0,"450":0,"451":0,"452":0,"453":0,"454":0,"455":0,"456":0,"457":0,"458":0,"459":0,"460":0,"461":0,"462":0,"463":0,"464":0,"465":0,"466":0,"467":0,"468":0,"469":0,"470":1,"471":0,"472":0,"473":0,"474":0,"475":0,"476":0,"477":0,"478":0,"479":1,"480":0,"481":0,"482":0,"483":0,"484":0,"485":0,"486":0,"487":0,"488":0,"489":0,"490":0,"491":0,"492":0,"493":0,"494":0,"495":0,"496":0,"497":0,"498":0,"499":1,"500":1,"501":1,"502":1,"503":1,"504":0,"505":0,"506":1,"507":1,"508":1,"509":1,"510":1,"511":1,"512":1,"513":1,"514":1,"515":1,"516":0,"517":0,"518":1,"519":1,"520":0,"521":0,"522":1,"523":1,"524":1,"525":1,"526":2,"527":2,"528":2,"529":2,"530":2,"531":1,"532":1,"533":1,"534":1,"535":1,"536":0,"537":1,"538":0,"539":0,"540":2,"541":2,"542":1,"543":0,"544":0,"545":0,"546":0,"547":0,"548":0,"549":0,"550":0,"551":0,"552":0,"553":0,"554":0,"555":0,"556":0,"557":0,"558":1,"559":0,"560":0,"561":0,"562":0,"563":0,"564":0,"565":0,"566":0,"567":0,"568":0,"569":0,"570":0,"571":0,"572":0,"573":0,"574":1,"575":0,"576":0,"577":0,"578":0,"579":0,"580":0,"581":0,"582":0,"583":0,"584":0,"585":0,"586":0,"587":0,"588":0,"589":1,"590":0,"591":0,"592":0,"593":0,"594":0,"595":0,"596":0,"597":0,"598":0,"599":0,"600":0,"601":0,"602":0,"603":0,"604":0,"605":0,"606":0,"607":0,"608":0,"609":0,"610":0,"611":0,"612":0,"613":0,"614":0,"615":1,"616":0,"617":0,"618":0,"619":0,"620":0,"621":0,"622":0,"623":0,"624":0,"625":0,"626":0,"627":0,"628":0,"629":0,"630":0,"631":0,"632":0,"633":0,"634":0,"635":0,"636":0,"637":0,"638":0,"639":0,"640":1,"641":0,"642":0,"643":0,"644":0,"645":0,"646":0,"647":0,"648":0,"649":0,"650":0,"651":0,"652":1,"653":0,"654":0,"655":0,"656":0,"657":0,"658":0,"659":0,"660":0,"661":0,"662":0,"663":0,"664":0,"665":0,"666":0,"667":0,"668":0,"669":0,"670":0,"671":0,"672":1,"673":0,"674":0,"675":0,"676":0,"677":0,"678":0,"679":0,"680":0,"681":0,"682":1,"683":1,"684":0,"685":0,"686":0,"687":0,"688":0,"689":0,"690":0,"691":0,"692":0,"693":0,"694":1,"695":0,"696":0,"697":0,"698":0,"699":0,"700":0,"701":0,"702":0,"703":1,"704":0,"705":0,"706":0,"707":0,"708":0,"709":0,"710":0,"711":0,"712":1,"713":0,"714":0,"715":0,"716":0,"717":0,"718":0,"719":0,"720":0,"721":1,"722":1,"723":0,"724":0,"725":1,"726":1},"f":{"0":0,"1":3,"2":3,"3":0,"4":0,"5":0,"6":0,"7":0,"8":0,"9":0,"10":0,"11":0,"12":0,"13":0,"14":0,"15":0,"16":0,"17":0,"18":0,"19":0,"20":0,"21":0,"22":0,"23":0,"24":0,"25":1,"26":2,"27":0,"28":0,"29":0,"30":0,"31":0,"32":0,"33":0,"34":0,"35":0,"36":0,"37":0,"38":0,"39":0,"40":0},"b":{"0":[1,0],"1":[0],"2":[0],"3":[0,0],"4":[0,0],"5":[0,0],"6":[0,3],"7":[3,3],"8":[0,0],"9":[0,0,0],"10":[0,0],"11":[0,3],"12":[3,3],"13":[0,0],"14":[0,0],"15":[0,0],"16":[0,0],"17":[0,0],"18":[0,0],"19":[0,0],"20":[0,0],"21":[0,0],"22":[0,0,0,0,0],"23":[0,0],"24":[0,0],"25":[0,0],"26":[0,0],"27":[0,0],"28":[0,0],"29":[0,0],"30":[0,0],"31":[0,0],"32":[0,0],"33":[0,0],"34":[0,0,0],"35":[0,0],"36":[0,0],"37":[0,0],"38":[0,0],"39":[0,0],"40":[0,0],"41":[0,0],"42":[0,0],"43":[0,0],"44":[0,0],"45":[0,0],"46":[0,0],"47":[0,0],"48":[0,0],"49":[0,0],"50":[0,0],"51":[0,0],"52":[0,0],"53":[0,0],"54":[0,0],"55":[0,0],"56":[0,0],"57":[0,0,0],"58":[0,0],"59":[0,0],"60":[0,0],"61":[0,0],"62":[0,0,0],"63":[0,0],"64":[0,0],"65":[0,0],"66":[0,0],"67":[0,0],"68":[0,0],"69":[0,0],"70":[0,0],"71":[0,0],"72":[0,0],"73":[0,0],"74":[0,0],"75":[0,0],"76":[0,0],"77":[0,0],"78":[0,0],"79":[0,0],"80":[0,0],"81":[0,0],"82":[0,0],"83":[0,0,0],"84":[0,0],"85":[0,0],"86":[0,0],"87":[0,0],"88":[0,0],"89":[0,0],"90":[0,0],"91":[0,0],"92":[0,0],"93":[0,0],"94":[0,0],"95":[0,0],"96":[0,0],"97":[0,0],"98":[0,0],"99":[0,0],"100":[0,0],"101":[0,0],"102":[0,0],"103":[0,0],"104":[0,0],"105":[0,0],"106":[0,0],"107":[0,0],"108":[0,0],"109":[0,0],"110":[0,0],"111":[0,0],"112":[0,0],"113":[0,0],"114":[0,0],"115":[0,0],"116":[0,0],"117":[0,0],"118":[0,0],"119":[0,0],"120":[0,0],"121":[0,0],"122":[0,0],"123":[0,0],"124":[0,0],"125":[0,0],"126":[0,0],"127":[0,0],"128":[0,0],"129":[0,1],"130":[1,1],"131":[0,1],"132":[1,0],"133":[1,1],"134":[1,0],"135":[2,0],"136":[0,0],"137":[0,0],"138":[0,0],"139":[0,0],"140":[0,0],"141":[0,0],"142":[0,0],"143":[0,0],"144":[0,0],"145":[0,0],"146":[0,0],"147":[0,0],"148":[0,0],"149":[0,0],"150":[0,0],"151":[0,0,0],"152":[0,0],"153":[0,0],"154":[0,0],"155":[0,0],"156":[0,0],"157":[0,0],"158":[0,0],"159":[0,0],"160":[0,0],"161":[0,0],"162":[0,0],"163":[0,0],"164":[0,0,0],"165":[0,0],"166":[0,0],"167":[0,0],"168":[0,0],"169":[0,0],"170":[0,0],"171":[0,0],"172":[0,0],"173":[0,0],"174":[0,0],"175":[0,0],"176":[0,0],"177":[0,0],"178":[0,0],"179":[0,0],"180":[0,0],"181":[0,0],"182":[0,0],"183":[0,0],"184":[0,0],"185":[0,0],"186":[0,0],"187":[0,0],"188":[0,0],"189":[1,1],"190":[0,1]},"_coverageSchema":"1a1c01bbd47fc00a2c39e90264f33305004495a9","hash":"188f2d6906718aa064c2d13958237c1f81e14862"}
}
