{"C:\\Users\\aritr\\all_features_combined\\src\\config\\database.js": {"path":"C:\\Users\\aritr\\all_features_combined\\src\\config\\database.js","statementMap":{"0":{"start":{"line":1,"column":14},"end":{"line":1,"column":39}},"1":{"start":{"line":2,"column":15},"end":{"line":2,"column":41}},"2":{"start":{"line":5,"column":17},"end":{"line":15,"column":1}},"3":{"start":{"line":18,"column":13},"end":{"line":18,"column":39}},"4":{"start":{"line":21,"column":23},"end":{"line":31,"column":1}},"5":{"start":{"line":22,"column":4},"end":{"line":30,"column":5}},"6":{"start":{"line":23,"column":27},"end":{"line":23,"column":53}},"7":{"start":{"line":24,"column":8},"end":{"line":24,"column":68}},"8":{"start":{"line":25,"column":8},"end":{"line":25,"column":29}},"9":{"start":{"line":26,"column":8},"end":{"line":26,"column":20}},"10":{"start":{"line":28,"column":8},"end":{"line":28,"column":59}},"11":{"start":{"line":29,"column":8},"end":{"line":29,"column":21}},"12":{"start":{"line":34,"column":21},"end":{"line":42,"column":1}},"13":{"start":{"line":35,"column":4},"end":{"line":41,"column":5}},"14":{"start":{"line":36,"column":26},"end":{"line":36,"column":59}},"15":{"start":{"line":37,"column":8},"end":{"line":37,"column":23}},"16":{"start":{"line":39,"column":8},"end":{"line":39,"column":87}},"17":{"start":{"line":40,"column":8},"end":{"line":40,"column":20}},"18":{"start":{"line":45,"column":25},"end":{"line":49,"column":1}},"19":{"start":{"line":46,"column":23},"end":{"line":46,"column":49}},"20":{"start":{"line":47,"column":4},"end":{"line":47,"column":40}},"21":{"start":{"line":48,"column":4},"end":{"line":48,"column":22}},"22":{"start":{"line":51,"column":0},"end":{"line":57,"column":2}}},"fnMap":{"0":{"name":"(anonymous_0)","decl":{"start":{"line":21,"column":23},"end":{"line":21,"column":24}},"loc":{"start":{"line":21,"column":35},"end":{"line":31,"column":1}},"line":21},"1":{"name":"(anonymous_1)","decl":{"start":{"line":34,"column":21},"end":{"line":34,"column":22}},"loc":{"start":{"line":34,"column":51},"end":{"line":42,"column":1}},"line":34},"2":{"name":"(anonymous_2)","decl":{"start":{"line":45,"column":25},"end":{"line":45,"column":26}},"loc":{"start":{"line":45,"column":37},"end":{"line":49,"column":1}},"line":45}},"branchMap":{"0":{"loc":{"start":{"line":6,"column":10},"end":{"line":6,"column":44}},"type":"binary-expr","locations":[{"start":{"line":6,"column":10},"end":{"line":6,"column":29}},{"start":{"line":6,"column":33},"end":{"line":6,"column":44}}],"line":6},"1":{"loc":{"start":{"line":7,"column":10},"end":{"line":7,"column":48}},"type":"binary-expr","locations":[{"start":{"line":7,"column":10},"end":{"line":7,"column":29}},{"start":{"line":7,"column":33},"end":{"line":7,"column":48}}],"line":7},"2":{"loc":{"start":{"line":8,"column":14},"end":{"line":8,"column":59}},"type":"binary-expr","locations":[{"start":{"line":8,"column":14},"end":{"line":8,"column":37}},{"start":{"line":8,"column":41},"end":{"line":8,"column":59}}],"line":8},"3":{"loc":{"start":{"line":9,"column":14},"end":{"line":9,"column":55}},"type":"binary-expr","locations":[{"start":{"line":9,"column":14},"end":{"line":9,"column":33}},{"start":{"line":9,"column":37},"end":{"line":9,"column":55}}],"line":9},"4":{"loc":{"start":{"line":34,"column":35},"end":{"line":34,"column":46}},"type":"default-arg","locations":[{"start":{"line":34,"column":44},"end":{"line":34,"column":46}}],"line":34}},"s":{"0":3,"1":3,"2":3,"3":3,"4":3,"5":2,"6":2,"7":1,"8":1,"9":1,"10":1,"11":1,"12":3,"13":3,"14":3,"15":2,"16":1,"17":1,"18":3,"19":3,"20":2,"21":1,"22":3},"f":{"0":2,"1":3,"2":3},"b":{"0":[3,2],"1":[3,2],"2":[3,2],"3":[3,2],"4":[1]},"_coverageSchema":"1a1c01bbd47fc00a2c39e90264f33305004495a9","hash":"37e8daa24ee819bd94c6d3eb022fa7c2cb22cb13"}
,"C:\\Users\\aritr\\all_features_combined\\src\\services\\premiumCalculatorService.js": {"path":"C:\\Users\\aritr\\all_features_combined\\src\\services\\premiumCalculatorService.js","statementMap":{"0":{"start":{"line":1,"column":25},"end":{"line":1,"column":54}},"1":{"start":{"line":2,"column":15},"end":{"line":2,"column":41}},"2":{"start":{"line":26,"column":12},"end":{"line":26,"column":22}},"3":{"start":{"line":28,"column":26},"end":{"line":28,"column":30}},"4":{"start":{"line":29,"column":29},"end":{"line":29,"column":32}},"5":{"start":{"line":30,"column":29},"end":{"line":30,"column":32}},"6":{"start":{"line":33,"column":8},"end":{"line":48,"column":9}},"7":{"start":{"line":35,"column":16},"end":{"line":35,"column":91}},"8":{"start":{"line":36,"column":16},"end":{"line":36,"column":22}},"9":{"start":{"line":38,"column":16},"end":{"line":38,"column":86}},"10":{"start":{"line":39,"column":16},"end":{"line":39,"column":22}},"11":{"start":{"line":41,"column":16},"end":{"line":41,"column":89}},"12":{"start":{"line":42,"column":16},"end":{"line":42,"column":22}},"13":{"start":{"line":44,"column":16},"end":{"line":44,"column":79}},"14":{"start":{"line":45,"column":16},"end":{"line":45,"column":22}},"15":{"start":{"line":47,"column":16},"end":{"line":47,"column":35}},"16":{"start":{"line":51,"column":8},"end":{"line":57,"column":9}},"17":{"start":{"line":52,"column":12},"end":{"line":52,"column":34}},"18":{"start":{"line":53,"column":15},"end":{"line":57,"column":9}},"19":{"start":{"line":54,"column":12},"end":{"line":54,"column":34}},"20":{"start":{"line":55,"column":15},"end":{"line":57,"column":9}},"21":{"start":{"line":56,"column":12},"end":{"line":56,"column":34}},"22":{"start":{"line":60,"column":8},"end":{"line":66,"column":9}},"23":{"start":{"line":61,"column":12},"end":{"line":65,"column":13}},"24":{"start":{"line":62,"column":16},"end":{"line":62,"column":39}},"25":{"start":{"line":63,"column":19},"end":{"line":65,"column":13}},"26":{"start":{"line":64,"column":16},"end":{"line":64,"column":38}},"27":{"start":{"line":69,"column":8},"end":{"line":71,"column":9}},"28":{"start":{"line":70,"column":12},"end":{"line":70,"column":35}},"29":{"start":{"line":74,"column":36},"end":{"line":74,"column":86}},"30":{"start":{"line":75,"column":8},"end":{"line":77,"column":9}},"31":{"start":{"line":76,"column":12},"end":{"line":76,"column":34}},"32":{"start":{"line":80,"column":8},"end":{"line":84,"column":9}},"33":{"start":{"line":81,"column":30},"end":{"line":81,"column":59}},"34":{"start":{"line":82,"column":31},"end":{"line":82,"column":61}},"35":{"start":{"line":83,"column":12},"end":{"line":83,"column":76}},"36":{"start":{"line":87,"column":30},"end":{"line":87,"column":81}},"37":{"start":{"line":88,"column":8},"end":{"line":90,"column":9}},"38":{"start":{"line":89,"column":12},"end":{"line":89,"column":35}},"39":{"start":{"line":93,"column":27},"end":{"line":93,"column":72}},"40":{"start":{"line":96,"column":25},"end":{"line":96,"column":44}},"41":{"start":{"line":97,"column":8},"end":{"line":97,"column":33}},"42":{"start":{"line":100,"column":8},"end":{"line":100,"column":60}},"43":{"start":{"line":102,"column":8},"end":{"line":108,"column":11}},"44":{"start":{"line":110,"column":8},"end":{"line":122,"column":10}},"45":{"start":{"line":130,"column":32},"end":{"line":130,"column":55}},"46":{"start":{"line":131,"column":27},"end":{"line":131,"column":51}},"47":{"start":{"line":132,"column":8},"end":{"line":132,"column":51}},"48":{"start":{"line":139,"column":32},"end":{"line":139,"column":55}},"49":{"start":{"line":140,"column":26},"end":{"line":140,"column":41}},"50":{"start":{"line":141,"column":8},"end":{"line":141,"column":49}},"51":{"start":{"line":148,"column":23},"end":{"line":148,"column":27}},"52":{"start":{"line":151,"column":32},"end":{"line":158,"column":9}},"53":{"start":{"line":160,"column":8},"end":{"line":160,"column":71}},"54":{"start":{"line":163,"column":29},"end":{"line":163,"column":67}},"55":{"start":{"line":164,"column":8},"end":{"line":164,"column":33}},"56":{"start":{"line":166,"column":8},"end":{"line":166,"column":24}},"57":{"start":{"line":173,"column":32},"end":{"line":173,"column":55}},"58":{"start":{"line":174,"column":8},"end":{"line":174,"column":37}},"59":{"start":{"line":181,"column":28},"end":{"line":181,"column":30}},"60":{"start":{"line":183,"column":8},"end":{"line":193,"column":9}},"61":{"start":{"line":184,"column":28},"end":{"line":187,"column":14}},"62":{"start":{"line":189,"column":12},"end":{"line":192,"column":15}},"63":{"start":{"line":195,"column":8},"end":{"line":195,"column":27}},"64":{"start":{"line":202,"column":24},"end":{"line":202,"column":25}},"65":{"start":{"line":203,"column":22},"end":{"line":203,"column":24}},"66":{"start":{"line":206,"column":8},"end":{"line":209,"column":9}},"67":{"start":{"line":207,"column":12},"end":{"line":207,"column":27}},"68":{"start":{"line":208,"column":12},"end":{"line":208,"column":38}},"69":{"start":{"line":212,"column":8},"end":{"line":215,"column":9}},"70":{"start":{"line":213,"column":12},"end":{"line":213,"column":27}},"71":{"start":{"line":214,"column":12},"end":{"line":214,"column":43}},"72":{"start":{"line":218,"column":34},"end":{"line":218,"column":70}},"73":{"start":{"line":219,"column":8},"end":{"line":222,"column":9}},"74":{"start":{"line":220,"column":12},"end":{"line":220,"column":27}},"75":{"start":{"line":221,"column":12},"end":{"line":221,"column":38}},"76":{"start":{"line":225,"column":8},"end":{"line":228,"column":9}},"77":{"start":{"line":226,"column":12},"end":{"line":226,"column":27}},"78":{"start":{"line":227,"column":12},"end":{"line":227,"column":42}},"79":{"start":{"line":231,"column":8},"end":{"line":234,"column":9}},"80":{"start":{"line":232,"column":12},"end":{"line":232,"column":27}},"81":{"start":{"line":233,"column":12},"end":{"line":233,"column":40}},"82":{"start":{"line":236,"column":8},"end":{"line":240,"column":10}},"83":{"start":{"line":244,"column":0},"end":{"line":244,"column":48}}},"fnMap":{"0":{"name":"(anonymous_0)","decl":{"start":{"line":12,"column":4},"end":{"line":12,"column":5}},"loc":{"start":{"line":12,"column":39},"end":{"line":123,"column":5}},"line":12},"1":{"name":"(anonymous_1)","decl":{"start":{"line":128,"column":4},"end":{"line":128,"column":5}},"loc":{"start":{"line":128,"column":58},"end":{"line":133,"column":5}},"line":128},"2":{"name":"(anonymous_2)","decl":{"start":{"line":138,"column":4},"end":{"line":138,"column":5}},"loc":{"start":{"line":138,"column":54},"end":{"line":142,"column":5}},"line":138},"3":{"name":"(anonymous_3)","decl":{"start":{"line":147,"column":4},"end":{"line":147,"column":5}},"loc":{"start":{"line":147,"column":56},"end":{"line":167,"column":5}},"line":147},"4":{"name":"(anonymous_4)","decl":{"start":{"line":172,"column":4},"end":{"line":172,"column":5}},"loc":{"start":{"line":172,"column":47},"end":{"line":175,"column":5}},"line":172},"5":{"name":"(anonymous_5)","decl":{"start":{"line":180,"column":4},"end":{"line":180,"column":5}},"loc":{"start":{"line":180,"column":53},"end":{"line":196,"column":5}},"line":180},"6":{"name":"(anonymous_6)","decl":{"start":{"line":201,"column":4},"end":{"line":201,"column":5}},"loc":{"start":{"line":201,"column":34},"end":{"line":241,"column":5}},"line":201}},"branchMap":{"0":{"loc":{"start":{"line":33,"column":8},"end":{"line":48,"column":9}},"type":"switch","locations":[{"start":{"line":34,"column":12},"end":{"line":36,"column":22}},{"start":{"line":37,"column":12},"end":{"line":39,"column":22}},{"start":{"line":40,"column":12},"end":{"line":42,"column":22}},{"start":{"line":43,"column":12},"end":{"line":45,"column":22}},{"start":{"line":46,"column":12},"end":{"line":47,"column":35}}],"line":33},"1":{"loc":{"start":{"line":51,"column":8},"end":{"line":57,"column":9}},"type":"if","locations":[{"start":{"line":51,"column":8},"end":{"line":57,"column":9}},{"start":{"line":53,"column":15},"end":{"line":57,"column":9}}],"line":51},"2":{"loc":{"start":{"line":53,"column":15},"end":{"line":57,"column":9}},"type":"if","locations":[{"start":{"line":53,"column":15},"end":{"line":57,"column":9}},{"start":{"line":55,"column":15},"end":{"line":57,"column":9}}],"line":53},"3":{"loc":{"start":{"line":55,"column":15},"end":{"line":57,"column":9}},"type":"if","locations":[{"start":{"line":55,"column":15},"end":{"line":57,"column":9}},{"start":{},"end":{}}],"line":55},"4":{"loc":{"start":{"line":55,"column":19},"end":{"line":55,"column":41}},"type":"binary-expr","locations":[{"start":{"line":55,"column":19},"end":{"line":55,"column":28}},{"start":{"line":55,"column":32},"end":{"line":55,"column":41}}],"line":55},"5":{"loc":{"start":{"line":60,"column":8},"end":{"line":66,"column":9}},"type":"if","locations":[{"start":{"line":60,"column":8},"end":{"line":66,"column":9}},{"start":{},"end":{}}],"line":60},"6":{"loc":{"start":{"line":61,"column":12},"end":{"line":65,"column":13}},"type":"if","locations":[{"start":{"line":61,"column":12},"end":{"line":65,"column":13}},{"start":{"line":63,"column":19},"end":{"line":65,"column":13}}],"line":61},"7":{"loc":{"start":{"line":63,"column":19},"end":{"line":65,"column":13}},"type":"if","locations":[{"start":{"line":63,"column":19},"end":{"line":65,"column":13}},{"start":{},"end":{}}],"line":63},"8":{"loc":{"start":{"line":69,"column":8},"end":{"line":71,"column":9}},"type":"if","locations":[{"start":{"line":69,"column":8},"end":{"line":71,"column":9}},{"start":{},"end":{}}],"line":69},"9":{"loc":{"start":{"line":75,"column":8},"end":{"line":77,"column":9}},"type":"if","locations":[{"start":{"line":75,"column":8},"end":{"line":77,"column":9}},{"start":{},"end":{}}],"line":75},"10":{"loc":{"start":{"line":75,"column":12},"end":{"line":75,"column":80}},"type":"binary-expr","locations":[{"start":{"line":75,"column":12},"end":{"line":75,"column":22}},{"start":{"line":75,"column":26},"end":{"line":75,"column":80}}],"line":75},"11":{"loc":{"start":{"line":80,"column":8},"end":{"line":84,"column":9}},"type":"if","locations":[{"start":{"line":80,"column":8},"end":{"line":84,"column":9}},{"start":{},"end":{}}],"line":80},"12":{"loc":{"start":{"line":81,"column":30},"end":{"line":81,"column":59}},"type":"binary-expr","locations":[{"start":{"line":81,"column":30},"end":{"line":81,"column":54}},{"start":{"line":81,"column":58},"end":{"line":81,"column":59}}],"line":81},"13":{"loc":{"start":{"line":82,"column":31},"end":{"line":82,"column":61}},"type":"binary-expr","locations":[{"start":{"line":82,"column":31},"end":{"line":82,"column":56}},{"start":{"line":82,"column":60},"end":{"line":82,"column":61}}],"line":82},"14":{"loc":{"start":{"line":88,"column":8},"end":{"line":90,"column":9}},"type":"if","locations":[{"start":{"line":88,"column":8},"end":{"line":90,"column":9}},{"start":{},"end":{}}],"line":88},"15":{"loc":{"start":{"line":88,"column":12},"end":{"line":88,"column":56}},"type":"binary-expr","locations":[{"start":{"line":88,"column":12},"end":{"line":88,"column":20}},{"start":{"line":88,"column":24},"end":{"line":88,"column":56}}],"line":88},"16":{"loc":{"start":{"line":160,"column":20},"end":{"line":160,"column":70}},"type":"binary-expr","locations":[{"start":{"line":160,"column":20},"end":{"line":160,"column":63}},{"start":{"line":160,"column":67},"end":{"line":160,"column":70}}],"line":160},"17":{"loc":{"start":{"line":206,"column":8},"end":{"line":209,"column":9}},"type":"if","locations":[{"start":{"line":206,"column":8},"end":{"line":209,"column":9}},{"start":{},"end":{}}],"line":206},"18":{"loc":{"start":{"line":212,"column":8},"end":{"line":215,"column":9}},"type":"if","locations":[{"start":{"line":212,"column":8},"end":{"line":215,"column":9}},{"start":{},"end":{}}],"line":212},"19":{"loc":{"start":{"line":218,"column":34},"end":{"line":218,"column":70}},"type":"binary-expr","locations":[{"start":{"line":218,"column":34},"end":{"line":218,"column":63}},{"start":{"line":218,"column":67},"end":{"line":218,"column":70}}],"line":218},"20":{"loc":{"start":{"line":219,"column":8},"end":{"line":222,"column":9}},"type":"if","locations":[{"start":{"line":219,"column":8},"end":{"line":222,"column":9}},{"start":{},"end":{}}],"line":219},"21":{"loc":{"start":{"line":225,"column":8},"end":{"line":228,"column":9}},"type":"if","locations":[{"start":{"line":225,"column":8},"end":{"line":228,"column":9}},{"start":{},"end":{}}],"line":225},"22":{"loc":{"start":{"line":231,"column":8},"end":{"line":234,"column":9}},"type":"if","locations":[{"start":{"line":231,"column":8},"end":{"line":234,"column":9}},{"start":{},"end":{}}],"line":231},"23":{"loc":{"start":{"line":238,"column":23},"end":{"line":238,"column":82}},"type":"cond-expr","locations":[{"start":{"line":238,"column":40},"end":{"line":238,"column":46}},{"start":{"line":238,"column":49},"end":{"line":238,"column":82}}],"line":238},"24":{"loc":{"start":{"line":238,"column":49},"end":{"line":238,"column":82}},"type":"cond-expr","locations":[{"start":{"line":238,"column":66},"end":{"line":238,"column":74}},{"start":{"line":238,"column":77},"end":{"line":238,"column":82}}],"line":238}},"s":{"0":2,"1":2,"2":18,"3":18,"4":18,"5":18,"6":18,"7":7,"8":7,"9":5,"10":5,"11":3,"12":3,"13":2,"14":2,"15":1,"16":18,"17":1,"18":17,"19":1,"20":16,"21":9,"22":18,"23":6,"24":2,"25":4,"26":1,"27":18,"28":1,"29":18,"30":18,"31":1,"32":18,"33":2,"34":2,"35":2,"36":18,"37":18,"38":2,"39":18,"40":18,"41":18,"42":18,"43":18,"44":18,"45":10,"46":10,"47":10,"48":8,"49":8,"50":8,"51":14,"52":14,"53":14,"54":14,"55":14,"56":14,"57":5,"58":5,"59":2,"60":2,"61":3,"62":3,"63":2,"64":10,"65":10,"66":10,"67":3,"68":3,"69":10,"70":2,"71":2,"72":10,"73":10,"74":2,"75":2,"76":10,"77":3,"78":3,"79":10,"80":2,"81":2,"82":10,"83":2},"f":{"0":18,"1":10,"2":8,"3":14,"4":5,"5":2,"6":10},"b":{"0":[7,5,3,2,1],"1":[1,17],"2":[1,16],"3":[9,7],"4":[16,9],"5":[6,12],"6":[2,4],"7":[1,3],"8":[1,17],"9":[1,17],"10":[18,1],"11":[2,16],"12":[2,0],"13":[2,1],"14":[2,16],"15":[18,2],"16":[14,1],"17":[3,7],"18":[2,8],"19":[10,1],"20":[2,8],"21":[3,7],"22":[2,8],"23":[1,9],"24":[3,6]},"_coverageSchema":"1a1c01bbd47fc00a2c39e90264f33305004495a9","hash":"38ccb367741748ac74e92368ac80d1dd5622c40b"}
,"C:\\Users\\aritr\\all_features_combined\\src\\utils\\logger.js": {"path":"C:\\Users\\aritr\\all_features_combined\\src\\utils\\logger.js","statementMap":{"0":{"start":{"line":1,"column":16},"end":{"line":1,"column":34}},"1":{"start":{"line":2,"column":13},"end":{"line":2,"column":28}},"2":{"start":{"line":5,"column":18},"end":{"line":10,"column":1}},"3":{"start":{"line":13,"column":15},"end":{"line":32,"column":2}},"4":{"start":{"line":35,"column":0},"end":{"line":42,"column":1}},"5":{"start":{"line":36,"column":4},"end":{"line":41,"column":8}},"6":{"start":{"line":44,"column":0},"end":{"line":44,"column":24}}},"fnMap":{},"branchMap":{"0":{"loc":{"start":{"line":14,"column":11},"end":{"line":14,"column":42}},"type":"binary-expr","locations":[{"start":{"line":14,"column":11},"end":{"line":14,"column":32}},{"start":{"line":14,"column":36},"end":{"line":14,"column":42}}],"line":14},"1":{"loc":{"start":{"line":35,"column":0},"end":{"line":42,"column":1}},"type":"if","locations":[{"start":{"line":35,"column":0},"end":{"line":42,"column":1}},{"start":{},"end":{}}],"line":35}},"s":{"0":3,"1":3,"2":3,"3":3,"4":3,"5":3,"6":3},"f":{},"b":{"0":[3,2],"1":[3,0]},"_coverageSchema":"1a1c01bbd47fc00a2c39e90264f33305004495a9","hash":"5d2f1343640a3075c83e980b4704b39fb79b16e5"}
}
