TN:
SF:src\config\database.js
FN:21,(anonymous_0)
FN:34,(anonymous_1)
FN:45,(anonymous_2)
FNF:3
FNH:3
FNDA:2,(anonymous_0)
FNDA:3,(anonymous_1)
FNDA:3,(anonymous_2)
DA:1,3
DA:2,3
DA:5,3
DA:18,3
DA:21,3
DA:22,2
DA:23,2
DA:24,1
DA:25,1
DA:26,1
DA:28,1
DA:29,1
DA:34,3
DA:35,3
DA:36,3
DA:37,2
DA:39,1
DA:40,1
DA:45,3
DA:46,3
DA:47,2
DA:48,1
DA:51,3
LF:23
LH:23
BRDA:6,0,0,3
BRDA:6,0,1,2
BRDA:7,1,0,3
BRDA:7,1,1,2
BRDA:8,2,0,3
BRDA:8,2,1,2
BRDA:9,3,0,3
BRDA:9,3,1,2
BRDA:34,4,0,1
BRF:9
BRH:9
end_of_record
TN:
SF:src\services\premiumCalculatorService.js
FN:12,(anonymous_0)
FN:128,(anonymous_1)
FN:138,(anonymous_2)
FN:147,(anonymous_3)
FN:172,(anonymous_4)
FN:180,(anonymous_5)
FN:201,(anonymous_6)
FNF:7
FNH:7
FNDA:18,(anonymous_0)
FNDA:10,(anonymous_1)
FNDA:8,(anonymous_2)
FNDA:14,(anonymous_3)
FNDA:5,(anonymous_4)
FNDA:2,(anonymous_5)
FNDA:10,(anonymous_6)
DA:1,2
DA:2,2
DA:26,18
DA:28,18
DA:29,18
DA:30,18
DA:33,18
DA:35,7
DA:36,7
DA:38,5
DA:39,5
DA:41,3
DA:42,3
DA:44,2
DA:45,2
DA:47,1
DA:51,18
DA:52,1
DA:53,17
DA:54,1
DA:55,16
DA:56,9
DA:60,18
DA:61,6
DA:62,2
DA:63,4
DA:64,1
DA:69,18
DA:70,1
DA:74,18
DA:75,18
DA:76,1
DA:80,18
DA:81,2
DA:82,2
DA:83,2
DA:87,18
DA:88,18
DA:89,2
DA:93,18
DA:96,18
DA:97,18
DA:100,18
DA:102,18
DA:110,18
DA:130,10
DA:131,10
DA:132,10
DA:139,8
DA:140,8
DA:141,8
DA:148,14
DA:151,14
DA:160,14
DA:163,14
DA:164,14
DA:166,14
DA:173,5
DA:174,5
DA:181,2
DA:183,2
DA:184,3
DA:189,3
DA:195,2
DA:202,10
DA:203,10
DA:206,10
DA:207,3
DA:208,3
DA:212,10
DA:213,2
DA:214,2
DA:218,10
DA:219,10
DA:220,2
DA:221,2
DA:225,10
DA:226,3
DA:227,3
DA:231,10
DA:232,2
DA:233,2
DA:236,10
DA:244,2
LF:84
LH:84
BRDA:33,0,0,7
BRDA:33,0,1,5
BRDA:33,0,2,3
BRDA:33,0,3,2
BRDA:33,0,4,1
BRDA:51,1,0,1
BRDA:51,1,1,17
BRDA:53,2,0,1
BRDA:53,2,1,16
BRDA:55,3,0,9
BRDA:55,3,1,7
BRDA:55,4,0,16
BRDA:55,4,1,9
BRDA:60,5,0,6
BRDA:60,5,1,12
BRDA:61,6,0,2
BRDA:61,6,1,4
BRDA:63,7,0,1
BRDA:63,7,1,3
BRDA:69,8,0,1
BRDA:69,8,1,17
BRDA:75,9,0,1
BRDA:75,9,1,17
BRDA:75,10,0,18
BRDA:75,10,1,1
BRDA:80,11,0,2
BRDA:80,11,1,16
BRDA:81,12,0,2
BRDA:81,12,1,0
BRDA:82,13,0,2
BRDA:82,13,1,1
BRDA:88,14,0,2
BRDA:88,14,1,16
BRDA:88,15,0,18
BRDA:88,15,1,2
BRDA:160,16,0,14
BRDA:160,16,1,1
BRDA:206,17,0,3
BRDA:206,17,1,7
BRDA:212,18,0,2
BRDA:212,18,1,8
BRDA:218,19,0,10
BRDA:218,19,1,1
BRDA:219,20,0,2
BRDA:219,20,1,8
BRDA:225,21,0,3
BRDA:225,21,1,7
BRDA:231,22,0,2
BRDA:231,22,1,8
BRDA:238,23,0,1
BRDA:238,23,1,9
BRDA:238,24,0,3
BRDA:238,24,1,6
BRF:53
BRH:52
end_of_record
TN:
SF:src\utils\logger.js
FNF:0
FNH:0
DA:1,3
DA:2,3
DA:5,3
DA:13,3
DA:35,3
DA:36,3
DA:44,3
LF:7
LH:7
BRDA:14,0,0,3
BRDA:14,0,1,2
BRDA:35,1,0,3
BRDA:35,1,1,0
BRF:4
BRH:3
end_of_record
