TN:
SF:server.js
FN:31,(anonymous_0)
FN:58,(anonymous_1)
FN:82,(anonymous_2)
FN:93,executeWorkflowStep
FN:213,(anonymous_4)
FN:227,(anonymous_5)
FN:273,(anonymous_6)
FN:313,(anonymous_7)
FN:370,(anonymous_8)
FN:410,(anonymous_9)
FN:459,(anonymous_10)
FN:511,(anonymous_11)
FN:535,(anonymous_12)
FN:581,(anonymous_13)
FN:594,(anonymous_14)
FN:622,(anonymous_15)
FN:649,(anonymous_16)
FN:721,(anonymous_17)
FN:743,(anonymous_18)
FN:811,(anonymous_19)
FN:826,(anonymous_20)
FN:855,(anonymous_21)
FN:944,(anonymous_22)
FN:959,(anonymous_23)
FN:976,(anonymous_24)
FN:999,(anonymous_25)
FN:1049,(anonymous_26)
FN:1083,(anonymous_27)
FN:1092,(anonymous_28)
FN:1114,(anonymous_29)
FN:1144,(anonymous_30)
FN:1172,(anonymous_31)
FN:1221,(anonymous_32)
FN:1275,(anonymous_33)
FN:1303,(anonymous_34)
FN:1348,(anonymous_35)
FN:1374,(anonymous_36)
FN:1398,(anonymous_37)
FN:1420,(anonymous_38)
FN:1445,(anonymous_39)
FN:1479,(anonymous_40)
FNF:41
FNH:4
FNDA:0,(anonymous_0)
FNDA:3,(anonymous_1)
FNDA:3,(anonymous_2)
FNDA:0,executeWorkflowStep
FNDA:0,(anonymous_4)
FNDA:0,(anonymous_5)
FNDA:0,(anonymous_6)
FNDA:0,(anonymous_7)
FNDA:0,(anonymous_8)
FNDA:0,(anonymous_9)
FNDA:0,(anonymous_10)
FNDA:0,(anonymous_11)
FNDA:0,(anonymous_12)
FNDA:0,(anonymous_13)
FNDA:0,(anonymous_14)
FNDA:0,(anonymous_15)
FNDA:0,(anonymous_16)
FNDA:0,(anonymous_17)
FNDA:0,(anonymous_18)
FNDA:0,(anonymous_19)
FNDA:0,(anonymous_20)
FNDA:0,(anonymous_21)
FNDA:0,(anonymous_22)
FNDA:0,(anonymous_23)
FNDA:0,(anonymous_24)
FNDA:1,(anonymous_25)
FNDA:2,(anonymous_26)
FNDA:0,(anonymous_27)
FNDA:0,(anonymous_28)
FNDA:0,(anonymous_29)
FNDA:0,(anonymous_30)
FNDA:0,(anonymous_31)
FNDA:0,(anonymous_32)
FNDA:0,(anonymous_33)
FNDA:0,(anonymous_34)
FNDA:0,(anonymous_35)
FNDA:0,(anonymous_36)
FNDA:0,(anonymous_37)
FNDA:0,(anonymous_38)
FNDA:0,(anonymous_39)
FNDA:0,(anonymous_40)
DA:2,1
DA:3,1
DA:4,1
DA:5,1
DA:6,1
DA:7,1
DA:8,1
DA:9,1
DA:11,1
DA:12,1
DA:13,1
DA:17,1
DA:18,1
DA:19,1
DA:20,1
DA:24,1
DA:31,1
DA:33,0
DA:34,0
DA:35,0
DA:40,0
DA:42,0
DA:44,0
DA:53,1
DA:58,1
DA:59,3
DA:60,3
DA:61,0
DA:63,3
DA:64,3
DA:65,3
DA:66,3
DA:68,0
DA:70,0
DA:71,0
DA:72,0
DA:73,0
DA:76,0
DA:82,1
DA:84,3
DA:85,0
DA:87,3
DA:95,0
DA:96,0
DA:97,0
DA:98,0
DA:101,0
DA:105,0
DA:106,0
DA:107,0
DA:108,0
DA:110,0
DA:111,0
DA:112,0
DA:114,0
DA:115,0
DA:116,0
DA:117,0
DA:121,0
DA:126,0
DA:127,0
DA:128,0
DA:129,0
DA:130,0
DA:132,0
DA:134,0
DA:135,0
DA:136,0
DA:140,0
DA:141,0
DA:145,0
DA:148,0
DA:149,0
DA:150,0
DA:153,0
DA:157,0
DA:158,0
DA:160,0
DA:164,0
DA:166,0
DA:168,0
DA:169,0
DA:170,0
DA:171,0
DA:172,0
DA:174,0
DA:177,0
DA:178,0
DA:179,0
DA:180,0
DA:181,0
DA:182,0
DA:183,0
DA:184,0
DA:185,0
DA:186,0
DA:188,0
DA:190,0
DA:191,0
DA:192,0
DA:194,0
DA:197,0
DA:200,0
DA:201,0
DA:204,0
DA:206,0
DA:207,0
DA:210,0
DA:211,0
DA:213,0
DA:214,0
DA:216,0
DA:217,0
DA:219,0
DA:223,0
DA:225,0
DA:226,0
DA:227,0
DA:229,0
DA:232,0
DA:233,0
DA:237,0
DA:238,0
DA:239,0
DA:242,0
DA:244,0
DA:245,0
DA:246,0
DA:249,0
DA:252,0
DA:253,0
DA:256,0
DA:257,0
DA:258,0
DA:259,0
DA:264,0
DA:265,0
DA:266,0
DA:270,0
DA:272,0
DA:273,0
DA:275,0
DA:277,0
DA:278,0
DA:279,0
DA:280,0
DA:281,0
DA:282,0
DA:284,0
DA:285,0
DA:289,0
DA:290,0
DA:291,0
DA:294,0
DA:295,0
DA:296,0
DA:299,0
DA:303,0
DA:304,0
DA:313,1
DA:315,0
DA:316,0
DA:317,0
DA:318,0
DA:321,0
DA:322,0
DA:329,0
DA:330,0
DA:333,0
DA:334,0
DA:335,0
DA:337,0
DA:338,0
DA:341,0
DA:342,0
DA:343,0
DA:344,0
DA:345,0
DA:346,0
DA:347,0
DA:350,0
DA:351,0
DA:354,0
DA:355,0
DA:356,0
DA:359,0
DA:362,0
DA:363,0
DA:365,0
DA:370,1
DA:372,0
DA:373,0
DA:374,0
DA:375,0
DA:378,0
DA:379,0
DA:382,0
DA:383,0
DA:387,0
DA:388,0
DA:390,0
DA:391,0
DA:396,0
DA:399,0
DA:400,0
DA:402,0
DA:403,0
DA:405,0
DA:410,1
DA:412,0
DA:413,0
DA:414,0
DA:415,0
DA:418,0
DA:419,0
DA:421,0
DA:423,0
DA:424,0
DA:426,0
DA:427,0
DA:428,0
DA:429,0
DA:432,0
DA:433,0
DA:435,0
DA:436,0
DA:440,0
DA:443,0
DA:448,0
DA:451,0
DA:452,0
DA:454,0
DA:459,1
DA:461,0
DA:462,0
DA:463,0
DA:464,0
DA:467,0
DA:468,0
DA:470,0
DA:472,0
DA:473,0
DA:475,0
DA:476,0
DA:477,0
DA:478,0
DA:481,0
DA:482,0
DA:484,0
DA:485,0
DA:489,0
DA:492,0
DA:497,0
DA:500,0
DA:501,0
DA:503,0
DA:511,1
DA:513,0
DA:514,0
DA:515,0
DA:517,0
DA:518,0
DA:523,0
DA:525,0
DA:526,0
DA:528,0
DA:535,1
DA:538,0
DA:539,0
DA:540,0
DA:541,0
DA:543,0
DA:544,0
DA:546,0
DA:547,0
DA:548,0
DA:551,0
DA:552,0
DA:554,0
DA:555,0
DA:558,0
DA:562,0
DA:563,0
DA:564,0
DA:568,0
DA:574,0
DA:575,0
DA:577,0
DA:580,0
DA:581,0
DA:585,0
DA:586,0
DA:587,0
DA:589,0
DA:594,1
DA:596,0
DA:597,0
DA:598,0
DA:600,0
DA:602,0
DA:604,0
DA:612,0
DA:614,0
DA:615,0
DA:617,0
DA:622,1
DA:624,0
DA:625,0
DA:626,0
DA:628,0
DA:630,0
DA:638,0
DA:640,0
DA:641,0
DA:643,0
DA:649,1
DA:651,0
DA:652,0
DA:654,0
DA:656,0
DA:657,0
DA:658,0
DA:661,0
DA:669,0
DA:670,0
DA:671,0
DA:674,0
DA:675,0
DA:677,0
DA:678,0
DA:679,0
DA:683,0
DA:684,0
DA:686,0
DA:693,0
DA:699,0
DA:702,0
DA:709,0
DA:710,0
DA:711,0
DA:713,0
DA:721,1
DA:723,0
DA:724,0
DA:726,0
DA:733,0
DA:735,0
DA:736,0
DA:738,0
DA:743,1
DA:745,0
DA:746,0
DA:747,0
DA:748,0
DA:750,0
DA:751,0
DA:752,0
DA:755,0
DA:756,0
DA:759,0
DA:761,0
DA:762,0
DA:763,0
DA:766,0
DA:767,0
DA:768,0
DA:771,0
DA:772,0
DA:776,0
DA:777,0
DA:779,0
DA:783,0
DA:788,0
DA:789,0
DA:795,0
DA:796,0
DA:797,0
DA:800,0
DA:801,0
DA:805,0
DA:807,0
DA:810,0
DA:811,0
DA:813,0
DA:817,0
DA:818,0
DA:819,0
DA:821,0
DA:826,1
DA:828,0
DA:829,0
DA:831,0
DA:845,0
DA:847,0
DA:848,0
DA:850,0
DA:855,1
DA:857,0
DA:858,0
DA:860,0
DA:861,0
DA:862,0
DA:865,0
DA:870,0
DA:871,0
DA:872,0
DA:875,0
DA:876,0
DA:877,0
DA:880,0
DA:882,0
DA:883,0
DA:891,0
DA:893,0
DA:897,0
DA:898,0
DA:899,0
DA:903,0
DA:904,0
DA:905,0
DA:909,0
DA:910,0
DA:918,0
DA:922,0
DA:923,0
DA:927,0
DA:928,0
DA:929,0
DA:932,0
DA:933,0
DA:934,0
DA:936,0
DA:944,1
DA:946,0
DA:947,0
DA:948,0
DA:949,0
DA:951,0
DA:952,0
DA:954,0
DA:959,1
DA:961,0
DA:962,0
DA:963,0
DA:964,0
DA:966,0
DA:967,0
DA:969,0
DA:973,0
DA:976,0
DA:977,0
DA:978,0
DA:980,0
DA:984,0
DA:987,0
DA:989,0
DA:991,0
DA:992,0
DA:994,0
DA:999,1
DA:1001,1
DA:1002,1
DA:1005,1
DA:1007,1
DA:1008,0
DA:1009,0
DA:1012,1
DA:1013,1
DA:1014,1
DA:1016,1
DA:1017,1
DA:1020,1
DA:1021,1
DA:1023,1
DA:1026,1
DA:1028,1
DA:1029,0
DA:1030,0
DA:1033,1
DA:1034,1
DA:1038,0
DA:1039,0
DA:1041,1
DA:1042,1
DA:1043,1
DA:1049,1
DA:1051,2
DA:1053,2
DA:1054,2
DA:1055,2
DA:1060,2
DA:1061,1
DA:1064,1
DA:1065,1
DA:1066,1
DA:1067,1
DA:1069,0
DA:1072,1
DA:1075,0
DA:1076,0
DA:1078,2
DA:1083,1
DA:1085,0
DA:1086,0
DA:1087,0
DA:1088,0
DA:1092,0
DA:1093,0
DA:1094,0
DA:1096,0
DA:1100,0
DA:1102,0
DA:1104,0
DA:1106,0
DA:1107,0
DA:1109,0
DA:1114,1
DA:1116,0
DA:1117,0
DA:1118,0
DA:1119,0
DA:1122,0
DA:1123,0
DA:1126,0
DA:1127,0
DA:1131,0
DA:1133,0
DA:1134,0
DA:1136,0
DA:1137,0
DA:1139,0
DA:1144,1
DA:1146,0
DA:1147,0
DA:1148,0
DA:1149,0
DA:1150,0
DA:1153,0
DA:1154,0
DA:1158,0
DA:1159,0
DA:1161,0
DA:1163,0
DA:1164,0
DA:1166,0
DA:1172,1
DA:1174,0
DA:1175,0
DA:1176,0
DA:1178,0
DA:1179,0
DA:1181,0
DA:1182,0
DA:1183,0
DA:1186,0
DA:1187,0
DA:1188,0
DA:1191,0
DA:1192,0
DA:1195,0
DA:1197,0
DA:1199,0
DA:1204,0
DA:1207,0
DA:1208,0
DA:1210,0
DA:1211,0
DA:1213,0
DA:1214,0
DA:1216,0
DA:1221,1
DA:1223,0
DA:1224,0
DA:1225,0
DA:1228,0
DA:1229,0
DA:1231,0
DA:1232,0
DA:1233,0
DA:1235,0
DA:1236,0
DA:1237,0
DA:1239,0
DA:1240,0
DA:1244,0
DA:1245,0
DA:1256,0
DA:1257,0
DA:1260,0
DA:1264,0
DA:1265,0
DA:1267,0
DA:1268,0
DA:1270,0
DA:1275,1
DA:1277,0
DA:1278,0
DA:1280,0
DA:1282,0
DA:1287,0
DA:1288,0
DA:1291,0
DA:1295,0
DA:1296,0
DA:1298,0
DA:1303,1
DA:1305,0
DA:1306,0
DA:1308,0
DA:1309,0
DA:1312,0
DA:1315,0
DA:1317,0
DA:1318,0
DA:1319,0
DA:1322,0
DA:1323,0
DA:1326,0
DA:1328,0
DA:1329,0
DA:1331,0
DA:1332,0
DA:1334,0
DA:1348,1
DA:1350,0
DA:1351,0
DA:1352,0
DA:1354,0
DA:1362,0
DA:1364,0
DA:1365,0
DA:1367,0
DA:1372,1
DA:1374,1
DA:1375,0
DA:1376,0
DA:1377,0
DA:1380,0
DA:1381,0
DA:1383,0
DA:1389,0
DA:1390,0
DA:1392,0
DA:1393,0
DA:1398,1
DA:1400,0
DA:1401,0
DA:1403,0
DA:1410,0
DA:1412,0
DA:1413,0
DA:1415,0
DA:1420,1
DA:1422,0
DA:1423,0
DA:1425,0
DA:1435,0
DA:1437,0
DA:1438,0
DA:1440,0
DA:1445,1
DA:1447,0
DA:1448,0
DA:1450,0
DA:1461,0
DA:1463,0
DA:1464,0
DA:1466,0
DA:1474,1
DA:1478,1
DA:1479,0
DA:1480,0
DA:1484,1
DA:1489,1
LF:674
LH:93
BRDA:13,0,0,1
BRDA:13,0,1,0
BRDA:31,1,0,0
BRDA:31,2,0,0
BRDA:38,3,0,0
BRDA:38,3,1,0
BRDA:40,4,0,0
BRDA:40,4,1,0
BRDA:44,5,0,0
BRDA:44,5,1,0
BRDA:60,6,0,0
BRDA:60,6,1,3
BRDA:60,7,0,3
BRDA:60,7,1,3
BRDA:70,8,0,0
BRDA:70,8,1,0
BRDA:70,9,0,0
BRDA:70,9,1,0
BRDA:70,9,2,0
BRDA:72,10,0,0
BRDA:72,10,1,0
BRDA:84,11,0,0
BRDA:84,11,1,3
BRDA:84,12,0,3
BRDA:84,12,1,3
BRDA:105,13,0,0
BRDA:105,13,1,0
BRDA:114,14,0,0
BRDA:114,14,1,0
BRDA:114,15,0,0
BRDA:114,15,1,0
BRDA:126,16,0,0
BRDA:126,16,1,0
BRDA:136,17,0,0
BRDA:136,17,1,0
BRDA:137,18,0,0
BRDA:137,18,1,0
BRDA:138,19,0,0
BRDA:138,19,1,0
BRDA:157,20,0,0
BRDA:157,20,1,0
BRDA:157,21,0,0
BRDA:157,21,1,0
BRDA:164,22,0,0
BRDA:164,22,1,0
BRDA:164,22,2,0
BRDA:164,22,3,0
BRDA:164,22,4,0
BRDA:166,23,0,0
BRDA:166,23,1,0
BRDA:168,24,0,0
BRDA:168,24,1,0
BRDA:169,25,0,0
BRDA:169,25,1,0
BRDA:170,26,0,0
BRDA:170,26,1,0
BRDA:177,27,0,0
BRDA:177,27,1,0
BRDA:180,28,0,0
BRDA:180,28,1,0
BRDA:181,29,0,0
BRDA:181,29,1,0
BRDA:183,30,0,0
BRDA:183,30,1,0
BRDA:190,31,0,0
BRDA:190,31,1,0
BRDA:191,32,0,0
BRDA:191,32,1,0
BRDA:200,33,0,0
BRDA:200,33,1,0
BRDA:204,34,0,0
BRDA:204,34,1,0
BRDA:204,34,2,0
BRDA:210,35,0,0
BRDA:210,35,1,0
BRDA:225,36,0,0
BRDA:225,36,1,0
BRDA:233,37,0,0
BRDA:233,37,1,0
BRDA:244,38,0,0
BRDA:244,38,1,0
BRDA:245,39,0,0
BRDA:245,39,1,0
BRDA:264,40,0,0
BRDA:264,40,1,0
BRDA:264,41,0,0
BRDA:264,41,1,0
BRDA:272,42,0,0
BRDA:272,42,1,0
BRDA:277,43,0,0
BRDA:277,43,1,0
BRDA:277,44,0,0
BRDA:277,44,1,0
BRDA:280,45,0,0
BRDA:280,45,1,0
BRDA:290,46,0,0
BRDA:290,46,1,0
BRDA:303,47,0,0
BRDA:303,47,1,0
BRDA:303,48,0,0
BRDA:303,48,1,0
BRDA:317,49,0,0
BRDA:317,49,1,0
BRDA:317,50,0,0
BRDA:317,50,1,0
BRDA:329,51,0,0
BRDA:329,51,1,0
BRDA:334,52,0,0
BRDA:334,52,1,0
BRDA:334,53,0,0
BRDA:334,53,1,0
BRDA:338,54,0,0
BRDA:338,54,1,0
BRDA:342,55,0,0
BRDA:342,55,1,0
BRDA:346,56,0,0
BRDA:346,56,1,0
BRDA:346,57,0,0
BRDA:346,57,1,0
BRDA:346,57,2,0
BRDA:354,58,0,0
BRDA:354,58,1,0
BRDA:354,59,0,0
BRDA:354,59,1,0
BRDA:365,60,0,0
BRDA:365,60,1,0
BRDA:374,61,0,0
BRDA:374,61,1,0
BRDA:374,62,0,0
BRDA:374,62,1,0
BRDA:374,62,2,0
BRDA:378,63,0,0
BRDA:378,63,1,0
BRDA:382,64,0,0
BRDA:382,64,1,0
BRDA:399,65,0,0
BRDA:399,65,1,0
BRDA:405,66,0,0
BRDA:405,66,1,0
BRDA:414,67,0,0
BRDA:414,67,1,0
BRDA:414,68,0,0
BRDA:414,68,1,0
BRDA:421,69,0,0
BRDA:421,69,1,0
BRDA:427,70,0,0
BRDA:427,70,1,0
BRDA:433,71,0,0
BRDA:433,71,1,0
BRDA:454,72,0,0
BRDA:454,72,1,0
BRDA:463,73,0,0
BRDA:463,73,1,0
BRDA:463,74,0,0
BRDA:463,74,1,0
BRDA:470,75,0,0
BRDA:470,75,1,0
BRDA:476,76,0,0
BRDA:476,76,1,0
BRDA:482,77,0,0
BRDA:482,77,1,0
BRDA:503,78,0,0
BRDA:503,78,1,0
BRDA:514,79,0,0
BRDA:514,79,1,0
BRDA:528,80,0,0
BRDA:528,80,1,0
BRDA:539,81,0,0
BRDA:539,81,1,0
BRDA:543,82,0,0
BRDA:543,82,1,0
BRDA:543,83,0,0
BRDA:543,83,1,0
BRDA:543,83,2,0
BRDA:547,84,0,0
BRDA:547,84,1,0
BRDA:547,85,0,0
BRDA:547,85,1,0
BRDA:562,86,0,0
BRDA:562,86,1,0
BRDA:580,87,0,0
BRDA:580,87,1,0
BRDA:585,88,0,0
BRDA:585,88,1,0
BRDA:589,89,0,0
BRDA:589,89,1,0
BRDA:589,90,0,0
BRDA:589,90,1,0
BRDA:597,91,0,0
BRDA:597,91,1,0
BRDA:617,92,0,0
BRDA:617,92,1,0
BRDA:625,93,0,0
BRDA:625,93,1,0
BRDA:643,94,0,0
BRDA:643,94,1,0
BRDA:654,95,0,0
BRDA:654,95,1,0
BRDA:669,96,0,0
BRDA:669,96,1,0
BRDA:677,97,0,0
BRDA:677,97,1,0
BRDA:709,98,0,0
BRDA:709,98,1,0
BRDA:713,99,0,0
BRDA:713,99,1,0
BRDA:713,100,0,0
BRDA:713,100,1,0
BRDA:738,101,0,0
BRDA:738,101,1,0
BRDA:751,102,0,0
BRDA:751,102,1,0
BRDA:751,103,0,0
BRDA:751,103,1,0
BRDA:761,104,0,0
BRDA:761,104,1,0
BRDA:771,105,0,0
BRDA:771,105,1,0
BRDA:771,106,0,0
BRDA:771,106,1,0
BRDA:776,107,0,0
BRDA:776,107,1,0
BRDA:776,108,0,0
BRDA:776,108,1,0
BRDA:795,109,0,0
BRDA:795,109,1,0
BRDA:810,110,0,0
BRDA:810,110,1,0
BRDA:818,111,0,0
BRDA:818,111,1,0
BRDA:821,112,0,0
BRDA:821,112,1,0
BRDA:821,113,0,0
BRDA:821,113,1,0
BRDA:850,114,0,0
BRDA:850,114,1,0
BRDA:870,115,0,0
BRDA:870,115,1,0
BRDA:880,116,0,0
BRDA:880,116,1,0
BRDA:893,117,0,0
BRDA:893,117,1,0
BRDA:897,118,0,0
BRDA:897,118,1,0
BRDA:903,119,0,0
BRDA:903,119,1,0
BRDA:932,120,0,0
BRDA:932,120,1,0
BRDA:936,121,0,0
BRDA:936,121,1,0
BRDA:936,122,0,0
BRDA:936,122,1,0
BRDA:954,123,0,0
BRDA:954,123,1,0
BRDA:966,124,0,0
BRDA:966,124,1,0
BRDA:980,125,0,0
BRDA:980,125,1,0
BRDA:981,126,0,0
BRDA:981,126,1,0
BRDA:982,127,0,0
BRDA:982,127,1,0
BRDA:994,128,0,0
BRDA:994,128,1,0
BRDA:1007,129,0,0
BRDA:1007,129,1,1
BRDA:1007,130,0,1
BRDA:1007,130,1,1
BRDA:1028,131,0,0
BRDA:1028,131,1,1
BRDA:1041,132,0,1
BRDA:1041,132,1,0
BRDA:1060,133,0,1
BRDA:1060,133,1,1
BRDA:1065,134,0,1
BRDA:1065,134,1,0
BRDA:1078,135,0,2
BRDA:1078,135,1,0
BRDA:1096,136,0,0
BRDA:1096,136,1,0
BRDA:1097,137,0,0
BRDA:1097,137,1,0
BRDA:1098,138,0,0
BRDA:1098,138,1,0
BRDA:1109,139,0,0
BRDA:1109,139,1,0
BRDA:1118,140,0,0
BRDA:1118,140,1,0
BRDA:1118,141,0,0
BRDA:1118,141,1,0
BRDA:1122,142,0,0
BRDA:1122,142,1,0
BRDA:1129,143,0,0
BRDA:1129,143,1,0
BRDA:1133,144,0,0
BRDA:1133,144,1,0
BRDA:1139,145,0,0
BRDA:1139,145,1,0
BRDA:1149,146,0,0
BRDA:1149,146,1,0
BRDA:1156,147,0,0
BRDA:1156,147,1,0
BRDA:1158,148,0,0
BRDA:1158,148,1,0
BRDA:1166,149,0,0
BRDA:1166,149,1,0
BRDA:1178,150,0,0
BRDA:1178,150,1,0
BRDA:1178,151,0,0
BRDA:1178,151,1,0
BRDA:1178,151,2,0
BRDA:1182,152,0,0
BRDA:1182,152,1,0
BRDA:1182,153,0,0
BRDA:1182,153,1,0
BRDA:1187,154,0,0
BRDA:1187,154,1,0
BRDA:1191,155,0,0
BRDA:1191,155,1,0
BRDA:1191,156,0,0
BRDA:1191,156,1,0
BRDA:1202,157,0,0
BRDA:1202,157,1,0
BRDA:1207,158,0,0
BRDA:1207,158,1,0
BRDA:1207,159,0,0
BRDA:1207,159,1,0
BRDA:1210,160,0,0
BRDA:1210,160,1,0
BRDA:1210,161,0,0
BRDA:1210,161,1,0
BRDA:1216,162,0,0
BRDA:1216,162,1,0
BRDA:1228,163,0,0
BRDA:1228,163,1,0
BRDA:1228,164,0,0
BRDA:1228,164,1,0
BRDA:1228,164,2,0
BRDA:1232,165,0,0
BRDA:1232,165,1,0
BRDA:1232,166,0,0
BRDA:1232,166,1,0
BRDA:1236,167,0,0
BRDA:1236,167,1,0
BRDA:1239,168,0,0
BRDA:1239,168,1,0
BRDA:1239,169,0,0
BRDA:1239,169,1,0
BRDA:1251,170,0,0
BRDA:1251,170,1,0
BRDA:1256,171,0,0
BRDA:1256,171,1,0
BRDA:1264,172,0,0
BRDA:1264,172,1,0
BRDA:1264,173,0,0
BRDA:1264,173,1,0
BRDA:1270,174,0,0
BRDA:1270,174,1,0
BRDA:1287,175,0,0
BRDA:1287,175,1,0
BRDA:1298,176,0,0
BRDA:1298,176,1,0
BRDA:1317,177,0,0
BRDA:1317,177,1,0
BRDA:1326,178,0,0
BRDA:1326,178,1,0
BRDA:1328,179,0,0
BRDA:1328,179,1,0
BRDA:1328,180,0,0
BRDA:1328,180,1,0
BRDA:1334,181,0,0
BRDA:1334,181,1,0
BRDA:1334,182,0,0
BRDA:1334,182,1,0
BRDA:1367,183,0,0
BRDA:1367,183,1,0
BRDA:1384,184,0,0
BRDA:1384,184,1,0
BRDA:1385,185,0,0
BRDA:1385,185,1,0
BRDA:1415,186,0,0
BRDA:1415,186,1,0
BRDA:1440,187,0,0
BRDA:1440,187,1,0
BRDA:1466,188,0,0
BRDA:1466,188,1,0
BRDA:1474,189,0,1
BRDA:1474,189,1,1
BRDA:1478,190,0,0
BRDA:1478,190,1,1
BRF:390
BRH:19
end_of_record
